Log file open, 07/19/20 21:16:49
LogInit: Display: Running engine for game: ToonTanks
LogPlatformFile: Not using cached read wrapper
LogTaskGraph: Started task graph with 5 named threads and 23 total threads with 3 sets of task threads.
LogStats: Stats thread started at 1.955282
LogD3D11RHI: Loaded GFSDK_Aftermath_Lib.x64.dll
LogICUInternationalization: ICU TimeZone Detection - Raw Offset: +1:00, Platform Override: ''
LogPluginManager: Mounting plugin Paper2D
LogPluginManager: Mounting plugin AISupport
LogPluginManager: Mounting plugin LightPropagationVolume
LogPluginManager: Mounting plugin CameraShakePreviewer
LogPluginManager: Mounting plugin ActorLayerUtilities
LogPluginManager: Mounting plugin AnimationSharing
LogPluginManager: Mounting plugin CLionSourceCodeAccess
LogPluginManager: Mounting plugin CodeLiteSourceCodeAccess
LogPluginManager: Mounting plugin GitSourceControl
LogPluginManager: Mounting plugin KDevelopSourceCodeAccess
LogPluginManager: Mounting plugin NullSourceCodeAccess
LogPluginManager: Mounting plugin PerforceSourceControl
LogPluginManager: Mounting plugin PlasticSourceControl
LogPluginManager: Mounting plugin RiderSourceCodeAccess
LogPluginManager: Mounting plugin SubversionSourceControl
LogPluginManager: Mounting plugin UObjectPlugin
LogPluginManager: Mounting plugin VisualStudioCodeSourceCodeAccess
LogPluginManager: Mounting plugin VisualStudioSourceCodeAccess
LogPluginManager: Mounting plugin XCodeSourceCodeAccess
LogPluginManager: Mounting plugin AssetManagerEditor
LogPluginManager: Mounting plugin CryptoKeys
LogPluginManager: Mounting plugin CurveEditorTools
LogPluginManager: Mounting plugin DataValidation
LogPluginManager: Mounting plugin EditorScriptingUtilities
LogPluginManager: Mounting plugin FacialAnimation
LogPluginManager: Mounting plugin GameplayTagsEditor
LogPluginManager: Mounting plugin GeometryMode
LogPluginManager: Mounting plugin MacGraphicsSwitching
LogPluginManager: Mounting plugin MaterialAnalyzer
LogPluginManager: Mounting plugin MobileLauncherProfileWizard
LogPluginManager: Mounting plugin PluginBrowser
LogPluginManager: Mounting plugin SpeedTreeImporter
LogPluginManager: Mounting plugin DatasmithContent
LogPluginManager: Mounting plugin VariantManagerContent
LogPluginManager: Mounting plugin AlembicImporter
LogPluginManager: Mounting plugin AutomationUtils
LogPluginManager: Mounting plugin BackChannel
LogPluginManager: Mounting plugin ChaosCloth
LogPluginManager: Mounting plugin ChaosClothEditor
LogPluginManager: Mounting plugin ChaosEditor
LogPluginManager: Mounting plugin ChaosNiagara
LogPluginManager: Mounting plugin ChaosSolverPlugin
LogPluginManager: Mounting plugin CharacterAI
LogPluginManager: Mounting plugin GeometryCache
LogPluginManager: Mounting plugin GeometryCollectionPlugin
LogPluginManager: Mounting plugin GeometryProcessing
LogPluginManager: Mounting plugin PlanarCut
LogPluginManager: Mounting plugin PlatformCrypto
LogPluginManager: Mounting plugin ProxyLODPlugin
LogPluginManager: Mounting plugin SkeletalReduction
LogPluginManager: Mounting plugin Niagara
LogPluginManager: Mounting plugin MagicLeap
LogPluginManager: Mounting plugin MagicLeapLightEstimation
LogPluginManager: Mounting plugin MagicLeapMedia
LogPluginManager: Mounting plugin MagicLeapPassableWorld
LogPluginManager: Mounting plugin MLSDK
LogPluginManager: Mounting plugin AndroidMedia
LogPluginManager: Mounting plugin AvfMedia
LogPluginManager: Mounting plugin ImgMedia
LogPluginManager: Mounting plugin MediaCompositing
LogPluginManager: Mounting plugin MediaPlayerEditor
LogPluginManager: Mounting plugin WebMMedia
LogPluginManager: Mounting plugin WmfMedia
LogPluginManager: Mounting plugin MeshPainting
LogPluginManager: Mounting plugin TcpMessaging
LogPluginManager: Mounting plugin UdpMessaging
LogPluginManager: Mounting plugin ActorSequence
LogPluginManager: Mounting plugin LevelSequenceEditor
LogPluginManager: Mounting plugin MatineeToLevelSequence
LogPluginManager: Mounting plugin MovieRenderPipeline
LogPluginManager: Mounting plugin TemplateSequence
LogPluginManager: Mounting plugin NetcodeUnitTest
LogPluginManager: Mounting plugin NUTUnrealEngine4
LogPluginManager: Mounting plugin OnlineSubsystemGooglePlay
LogPluginManager: Mounting plugin OnlineSubsystemIOS
LogPluginManager: Mounting plugin OnlineSubsystem
LogPluginManager: Mounting plugin OnlineSubsystemNull
LogPluginManager: Mounting plugin OnlineSubsystemUtils
LogPluginManager: Mounting plugin LauncherChunkInstaller
LogPluginManager: Mounting plugin AndroidDeviceProfileSelector
LogPluginManager: Mounting plugin AndroidMoviePlayer
LogPluginManager: Mounting plugin AndroidPermission
LogPluginManager: Mounting plugin AppleImageUtils
LogPluginManager: Mounting plugin AppleMoviePlayer
LogPluginManager: Mounting plugin ArchVisCharacter
LogPluginManager: Mounting plugin AssetTags
LogPluginManager: Mounting plugin AudioCapture
LogPluginManager: Mounting plugin CableComponent
LogPluginManager: Mounting plugin CustomMeshComponent
LogPluginManager: Mounting plugin EditableMesh
LogPluginManager: Mounting plugin ExampleDeviceProfileSelector
LogPluginManager: Mounting plugin GoogleCloudMessaging
LogPluginManager: Mounting plugin GooglePAD
LogPluginManager: Mounting plugin IOSDeviceProfileSelector
LogPluginManager: Mounting plugin LinuxDeviceProfileSelector
LogPluginManager: Mounting plugin LocationServicesBPLibrary
LogPluginManager: Mounting plugin MobilePatchingUtils
LogPluginManager: Mounting plugin OculusVR
LogPluginManager: Mounting plugin PhysXVehicles
LogPluginManager: Mounting plugin PostSplashScreen
LogPluginManager: Mounting plugin ProceduralMeshComponent
LogPluginManager: Mounting plugin RuntimePhysXCooking
LogPluginManager: Mounting plugin SignificanceManager
LogPluginManager: Mounting plugin SoundFields
LogPluginManager: Mounting plugin SteamVR
LogPluginManager: Mounting plugin Synthesis
LogPluginManager: Mounting plugin WebMMoviePlayer
LogPluginManager: Mounting plugin WindowsMoviePlayer
LogPluginManager: Mounting plugin ScreenshotTools
LogInit: Using libcurl 7.55.1-DEV
LogInit:  - built for x86_64-pc-win32
LogInit:  - supports SSL with OpenSSL/1.1.1
LogInit:  - supports HTTP deflate (compression) using libz 1.2.8
LogInit:  - other features:
LogInit:      CURL_VERSION_SSL
LogInit:      CURL_VERSION_LIBZ
LogInit:      CURL_VERSION_IPV6
LogInit:      CURL_VERSION_ASYNCHDNS
LogInit:      CURL_VERSION_LARGEFILE
LogInit:      CURL_VERSION_IDN
LogInit:  CurlRequestOptions (configurable via config and command line):
LogInit:  - bVerifyPeer = true  - Libcurl will verify peer certificate
LogInit:  - bUseHttpProxy = false  - Libcurl will NOT use HTTP proxy
LogInit:  - bDontReuseConnections = false  - Libcurl will reuse connections
LogInit:  - MaxHostConnections = 16  - Libcurl will limit the number of connections to a host
LogInit:  - LocalHostAddr = Default
LogInit:  - BufferSize = 65536
LogOnline: OSS: Creating online subsystem instance for: NULL
LogInit: WinSock: version 1.1 (2.2), MaxSocks=32767, MaxUdp=65467
LogOnline: OSS: TryLoadSubsystemAndSetDefault: Loaded subsystem for module [NULL]
LogInit: Build: ++UE4+Release-4.25-CL-13594126
LogInit: Engine Version: 4.25.1-13594126+++UE4+Release-4.25
LogInit: Compatible Engine Version: 4.25.0-13144385+++UE4+Release-4.25
LogInit: Net CL: 13144385
LogInit: OS: Windows 10 (Release 1903) (), CPU: Intel(R) Core(TM) i7-6700HQ CPU @ 2.60GHz, GPU: Intel(R) HD Graphics 530
LogInit: Compiled (64-bit): Jun  2 2020 02:10:36
LogInit: Compiled with Visual C++: 19.24.28315.00
LogInit: Build Configuration: Development
LogInit: Branch Name: ++UE4+Release-4.25
LogInit: Command Line:  -EpicPortal -epicusername=MasterMarchewa -epicuserid=7117d0b82afb4e4d8013890d53dcc394 -epiclocale=en
LogInit: Base Directory: D:/Programy/Unreal Engine/UE_4.25/Engine/Binaries/Win64/
LogInit: Allocator: TBB
LogInit: Installed Engine Build: 1
LogDevObjectVersion: Number of dev versions registered: 26
LogDevObjectVersion:   Dev-Blueprints (B0D832E4-1F89-4F0D-ACCF-7EB736FD4AA2): 10
LogDevObjectVersion:   Dev-Build (E1C64328-A22C-4D53-A36C-8E866417BD8C): 0
LogDevObjectVersion:   Dev-Core (375EC13C-06E4-48FB-B500-84F0262A717E): 4
LogDevObjectVersion:   Dev-Editor (E4B068ED-F494-42E9-A231-DA0B2E46BB41): 38
LogDevObjectVersion:   Dev-Framework (CFFC743F-43B0-4480-9391-14DF171D2073): 37
LogDevObjectVersion:   Dev-Mobile (B02B49B5-BB20-44E9-A304-32B752E40360): 2
LogDevObjectVersion:   Dev-Networking (A4E4105C-59A1-49B5-A7C5-40C4547EDFEE): 0
LogDevObjectVersion:   Dev-Online (39C831C9-5AE6-47DC-9A44-9C173E1C8E7C): 0
LogDevObjectVersion:   Dev-Physics (78F01B33-EBEA-4F98-B9B4-84EACCB95AA2): 4
LogDevObjectVersion:   Dev-Platform (6631380F-2D4D-43E0-8009-CF276956A95A): 0
LogDevObjectVersion:   Dev-Rendering (12F88B9F-8875-4AFC-A67C-D90C383ABD29): 43
LogDevObjectVersion:   Dev-Sequencer (7B5AE74C-D270-4C10-A958-57980B212A5A): 12
LogDevObjectVersion:   Dev-VR (D7296918-1DD6-4BDD-9DE2-64A83CC13884): 3
LogDevObjectVersion:   Dev-LoadTimes (C2A15278-BFE7-4AFE-6C17-90FF531DF755): 1
LogDevObjectVersion:   Private-Geometry (6EACA3D4-40EC-4CC1-B786-8BED09428FC5): 3
LogDevObjectVersion:   Dev-AnimPhys (29E575DD-E0A3-4627-9D10-D276232CDCEA): 17
LogDevObjectVersion:   Dev-Anim (AF43A65D-7FD3-4947-9873-3E8ED9C1BB05): 7
LogDevObjectVersion:   Dev-ReflectionCapture (6B266CEC-1EC7-4B8F-A30B-E4D90942FC07): 1
LogDevObjectVersion:   Dev-Automation (0DF73D61-A23F-47EA-B727-89E90C41499A): 1
LogDevObjectVersion:   FortniteMain (601D1886-AC64-4F84-AA16-D3DE0DEAC7D6): 31
LogDevObjectVersion:   Dev-Enterprise (9DFFBCD6-494F-0158-E221-12823C92A888): 10
LogDevObjectVersion:   Dev-Niagara (F2AED0AC-9AFE-416F-8664-AA7FFA26D6FC): 1
LogDevObjectVersion:   Dev-Destruction (174F1F0B-B4C6-45A5-B13F-2EE8D0FB917D): 10
LogDevObjectVersion:   Dev-Physics-Ext (35F94A83-E258-406C-A318-09F59610247C): 37
LogDevObjectVersion:   Dev-PhysicsMaterial-Chaos (B68FC16E-8B1B-42E2-B453-215C058844FE): 1
LogDevObjectVersion:   Dev-CineCamera (B2E18506-4273-CFC2-A54E-F4BB758BBA07): 1
LogInit: Presizing for max 25165824 objects, including 0 objects not considered by GC, pre-allocating 0 bytes for permanent pool.
LogConfig: Applying CVar settings from Section [/Script/Engine.StreamingSettings] File [D:/Programy/Unreal Engine/Toon_Tanks_Game/Toon_Tanks/ToonTanks/Saved/Config/Windows/Engine.ini]
LogConfig: Setting CVar [[s.MinBulkDataSizeForAsyncLoading:131072]]
LogConfig: Setting CVar [[s.AsyncLoadingThreadEnabled:0]]
LogConfig: Setting CVar [[s.EventDrivenLoaderEnabled:1]]
LogConfig: Setting CVar [[s.WarnIfTimeLimitExceeded:0]]
LogConfig: Setting CVar [[s.TimeLimitExceededMultiplier:1.5]]
LogConfig: Setting CVar [[s.TimeLimitExceededMinTime:0.005]]
LogConfig: Setting CVar [[s.UseBackgroundLevelStreaming:1]]
LogConfig: Setting CVar [[s.PriorityAsyncLoadingExtraTime:15.0]]
LogConfig: Setting CVar [[s.LevelStreamingActorsUpdateTimeLimit:5.0]]
LogConfig: Setting CVar [[s.PriorityLevelStreamingActorsUpdateExtraTime:5.0]]
LogConfig: Setting CVar [[s.LevelStreamingComponentsRegistrationGranularity:10]]
LogConfig: Setting CVar [[s.UnregisterComponentsTimeLimit:1.0]]
LogConfig: Setting CVar [[s.LevelStreamingComponentsUnregistrationGranularity:5]]
LogConfig: Setting CVar [[s.FlushStreamingOnExit:1]]
LogInit: Object subsystem initialized
LogConfig: Setting CVar [[con.DebugEarlyDefault:1]]
LogConfig: Setting CVar [[r.setres:1280x720]]
[2020.07.19-19.16.50:016][  0]LogConfig: Setting CVar [[r.VSync:0]]
[2020.07.19-19.16.50:016][  0]LogConfig: Setting CVar [[r.RHICmdBypass:0]]
[2020.07.19-19.16.50:016][  0]LogConfig: Applying CVar settings from Section [/Script/Engine.RendererSettings] File [D:/Programy/Unreal Engine/Toon_Tanks_Game/Toon_Tanks/ToonTanks/Saved/Config/Windows/Engine.ini]
[2020.07.19-19.16.50:016][  0]LogConfig: Setting CVar [[r.GPUCrashDebugging:0]]
[2020.07.19-19.16.50:016][  0]LogConfig: Setting CVar [[r.DefaultFeature.AutoExposure.ExtendDefaultLuminanceRange:1]]
[2020.07.19-19.16.50:016][  0]LogConfig: Setting CVar [[r.DefaultFeature.AutoExposure:0]]
[2020.07.19-19.16.50:016][  0]LogConfig: Applying CVar settings from Section [/Script/Engine.RendererOverrideSettings] File [D:/Programy/Unreal Engine/Toon_Tanks_Game/Toon_Tanks/ToonTanks/Saved/Config/Windows/Engine.ini]
[2020.07.19-19.16.50:016][  0]LogConfig: Applying CVar settings from Section [/Script/Engine.StreamingSettings] File [D:/Programy/Unreal Engine/Toon_Tanks_Game/Toon_Tanks/ToonTanks/Saved/Config/Windows/Engine.ini]
[2020.07.19-19.16.50:016][  0]LogConfig: Setting CVar [[s.MinBulkDataSizeForAsyncLoading:131072]]
[2020.07.19-19.16.50:016][  0]LogConfig: Setting CVar [[s.AsyncLoadingThreadEnabled:0]]
[2020.07.19-19.16.50:016][  0]LogConfig: Setting CVar [[s.EventDrivenLoaderEnabled:1]]
[2020.07.19-19.16.50:016][  0]LogConfig: Setting CVar [[s.WarnIfTimeLimitExceeded:0]]
[2020.07.19-19.16.50:016][  0]LogConfig: Setting CVar [[s.TimeLimitExceededMultiplier:1.5]]
[2020.07.19-19.16.50:016][  0]LogConfig: Setting CVar [[s.TimeLimitExceededMinTime:0.005]]
[2020.07.19-19.16.50:016][  0]LogConfig: Setting CVar [[s.UseBackgroundLevelStreaming:1]]
[2020.07.19-19.16.50:016][  0]LogConfig: Setting CVar [[s.PriorityAsyncLoadingExtraTime:15.0]]
[2020.07.19-19.16.50:016][  0]LogConfig: Setting CVar [[s.LevelStreamingActorsUpdateTimeLimit:5.0]]
[2020.07.19-19.16.50:016][  0]LogConfig: Setting CVar [[s.PriorityLevelStreamingActorsUpdateExtraTime:5.0]]
[2020.07.19-19.16.50:016][  0]LogConfig: Setting CVar [[s.LevelStreamingComponentsRegistrationGranularity:10]]
[2020.07.19-19.16.50:016][  0]LogConfig: Setting CVar [[s.UnregisterComponentsTimeLimit:1.0]]
[2020.07.19-19.16.50:016][  0]LogConfig: Setting CVar [[s.LevelStreamingComponentsUnregistrationGranularity:5]]
[2020.07.19-19.16.50:016][  0]LogConfig: Setting CVar [[s.FlushStreamingOnExit:1]]
[2020.07.19-19.16.50:016][  0]LogConfig: Applying CVar settings from Section [/Script/Engine.GarbageCollectionSettings] File [D:/Programy/Unreal Engine/Toon_Tanks_Game/Toon_Tanks/ToonTanks/Saved/Config/Windows/Engine.ini]
[2020.07.19-19.16.50:016][  0]LogConfig: Setting CVar [[gc.MaxObjectsNotConsideredByGC:1]]
[2020.07.19-19.16.50:016][  0]LogConfig: Setting CVar [[gc.SizeOfPermanentObjectPool:0]]
[2020.07.19-19.16.50:016][  0]LogConfig: Setting CVar [[gc.FlushStreamingOnGC:0]]
[2020.07.19-19.16.50:016][  0]LogConfig: Setting CVar [[gc.NumRetriesBeforeForcingGC:10]]
[2020.07.19-19.16.50:016][  0]LogConfig: Setting CVar [[gc.AllowParallelGC:1]]
[2020.07.19-19.16.50:016][  0]LogConfig: Setting CVar [[gc.TimeBetweenPurgingPendingKillObjects:61.1]]
[2020.07.19-19.16.50:016][  0]LogConfig: Setting CVar [[gc.MaxObjectsInEditor:25165824]]
[2020.07.19-19.16.50:016][  0]LogConfig: Setting CVar [[gc.IncrementalBeginDestroyEnabled:1]]
[2020.07.19-19.16.50:016][  0]LogConfig: Setting CVar [[gc.CreateGCClusters:1]]
[2020.07.19-19.16.50:016][  0]LogConfig: Setting CVar [[gc.MinGCClusterSize:5]]
[2020.07.19-19.16.50:016][  0]LogConfig: Setting CVar [[gc.ActorClusteringEnabled:0]]
[2020.07.19-19.16.50:016][  0]LogConfig: Setting CVar [[gc.BlueprintClusteringEnabled:0]]
[2020.07.19-19.16.50:016][  0]LogConfig: Setting CVar [[gc.UseDisregardForGCOnDedicatedServers:0]]
[2020.07.19-19.16.50:016][  0]LogConfig: Applying CVar settings from Section [/Script/Engine.NetworkSettings] File [D:/Programy/Unreal Engine/Toon_Tanks_Game/Toon_Tanks/ToonTanks/Saved/Config/Windows/Engine.ini]
[2020.07.19-19.16.50:016][  0]LogConfig: Applying CVar settings from Section [/Script/UnrealEd.CookerSettings] File [D:/Programy/Unreal Engine/Toon_Tanks_Game/Toon_Tanks/ToonTanks/Saved/Config/Windows/Engine.ini]
[2020.07.19-19.16.50:019][  0]LogConfig: Applying CVar settings from Section [ViewDistanceQuality@3] File [D:/Programy/Unreal Engine/Toon_Tanks_Game/Toon_Tanks/ToonTanks/Saved/Config/Windows/Scalability.ini]
[2020.07.19-19.16.50:019][  0]LogConfig: Setting CVar [[r.SkeletalMeshLODBias:0]]
[2020.07.19-19.16.50:019][  0]LogConfig: Setting CVar [[r.ViewDistanceScale:1.0]]
[2020.07.19-19.16.50:019][  0]LogConfig: Applying CVar settings from Section [AntiAliasingQuality@3] File [D:/Programy/Unreal Engine/Toon_Tanks_Game/Toon_Tanks/ToonTanks/Saved/Config/Windows/Scalability.ini]
[2020.07.19-19.16.50:019][  0]LogConfig: Setting CVar [[r.PostProcessAAQuality:4]]
[2020.07.19-19.16.50:019][  0]LogConfig: Applying CVar settings from Section [ShadowQuality@3] File [D:/Programy/Unreal Engine/Toon_Tanks_Game/Toon_Tanks/ToonTanks/Saved/Config/Windows/Scalability.ini]
[2020.07.19-19.16.50:019][  0]LogConfig: Setting CVar [[r.LightFunctionQuality:1]]
[2020.07.19-19.16.50:019][  0]LogConfig: Setting CVar [[r.ShadowQuality:5]]
[2020.07.19-19.16.50:019][  0]LogConfig: Setting CVar [[r.Shadow.CSM.MaxCascades:10]]
[2020.07.19-19.16.50:019][  0]LogConfig: Setting CVar [[r.Shadow.MaxResolution:2048]]
[2020.07.19-19.16.50:019][  0]LogConfig: Setting CVar [[r.Shadow.MaxCSMResolution:2048]]
[2020.07.19-19.16.50:019][  0]LogConfig: Setting CVar [[r.Shadow.RadiusThreshold:0.01]]
[2020.07.19-19.16.50:019][  0]LogConfig: Setting CVar [[r.Shadow.DistanceScale:1.0]]
[2020.07.19-19.16.50:019][  0]LogConfig: Setting CVar [[r.Shadow.CSM.TransitionScale:1.0]]
[2020.07.19-19.16.50:019][  0]LogConfig: Setting CVar [[r.Shadow.PreShadowResolutionFactor:1.0]]
[2020.07.19-19.16.50:019][  0]LogConfig: Setting CVar [[r.DistanceFieldShadowing:1]]
[2020.07.19-19.16.50:020][  0]LogConfig: Setting CVar [[r.DistanceFieldAO:1]]
[2020.07.19-19.16.50:020][  0]LogConfig: Setting CVar [[r.AOQuality:2]]
[2020.07.19-19.16.50:020][  0]LogConfig: Setting CVar [[r.VolumetricFog:1]]
[2020.07.19-19.16.50:020][  0]LogConfig: Setting CVar [[r.VolumetricFog.GridPixelSize:8]]
[2020.07.19-19.16.50:020][  0]LogConfig: Setting CVar [[r.VolumetricFog.GridSizeZ:128]]
[2020.07.19-19.16.50:020][  0]LogConfig: Setting CVar [[r.VolumetricFog.HistoryMissSupersampleCount:4]]
[2020.07.19-19.16.50:020][  0]LogConfig: Setting CVar [[r.LightMaxDrawDistanceScale:1]]
[2020.07.19-19.16.50:020][  0]LogConfig: Setting CVar [[r.CapsuleShadows:1]]
[2020.07.19-19.16.50:020][  0]LogConfig: Applying CVar settings from Section [PostProcessQuality@3] File [D:/Programy/Unreal Engine/Toon_Tanks_Game/Toon_Tanks/ToonTanks/Saved/Config/Windows/Scalability.ini]
[2020.07.19-19.16.50:020][  0]LogConfig: Setting CVar [[r.MotionBlurQuality:4]]
[2020.07.19-19.16.50:020][  0]LogConfig: Setting CVar [[r.AmbientOcclusionMipLevelFactor:0.4]]
[2020.07.19-19.16.50:020][  0]LogConfig: Setting CVar [[r.AmbientOcclusionMaxQuality:100]]
[2020.07.19-19.16.50:020][  0]LogConfig: Setting CVar [[r.AmbientOcclusionLevels:-1]]
[2020.07.19-19.16.50:020][  0]LogConfig: Setting CVar [[r.AmbientOcclusionRadiusScale:1.0]]
[2020.07.19-19.16.50:020][  0]LogConfig: Setting CVar [[r.DepthOfFieldQuality:2]]
[2020.07.19-19.16.50:020][  0]LogConfig: Setting CVar [[r.RenderTargetPoolMin:400]]
[2020.07.19-19.16.50:020][  0]LogConfig: Setting CVar [[r.LensFlareQuality:2]]
[2020.07.19-19.16.50:020][  0]LogConfig: Setting CVar [[r.SceneColorFringeQuality:1]]
[2020.07.19-19.16.50:020][  0]LogConfig: Setting CVar [[r.EyeAdaptationQuality:2]]
[2020.07.19-19.16.50:020][  0]LogConfig: Setting CVar [[r.BloomQuality:5]]
[2020.07.19-19.16.50:020][  0]LogConfig: Setting CVar [[r.FastBlurThreshold:100]]
[2020.07.19-19.16.50:020][  0]LogConfig: Setting CVar [[r.Upscale.Quality:3]]
[2020.07.19-19.16.50:020][  0]LogConfig: Setting CVar [[r.Tonemapper.GrainQuantization:1]]
[2020.07.19-19.16.50:020][  0]LogConfig: Setting CVar [[r.LightShaftQuality:1]]
[2020.07.19-19.16.50:020][  0]LogConfig: Setting CVar [[r.Filter.SizeScale:1]]
[2020.07.19-19.16.50:020][  0]LogConfig: Setting CVar [[r.Tonemapper.Quality:5]]
[2020.07.19-19.16.50:020][  0]LogConfig: Setting CVar [[r.DOF.Gather.AccumulatorQuality:1        ; higher gathering accumulator quality]]
[2020.07.19-19.16.50:020][  0]LogConfig: Setting CVar [[r.DOF.Gather.PostfilterMethod:1          ; Median3x3 postfilering method]]
[2020.07.19-19.16.50:020][  0]LogConfig: Setting CVar [[r.DOF.Gather.EnableBokehSettings:0       ; no bokeh simulation when gathering]]
[2020.07.19-19.16.50:020][  0]LogConfig: Setting CVar [[r.DOF.Gather.RingCount:4                 ; medium number of samples when gathering]]
[2020.07.19-19.16.50:020][  0]LogConfig: Setting CVar [[r.DOF.Scatter.ForegroundCompositing:1    ; additive foreground scattering]]
[2020.07.19-19.16.50:020][  0]LogConfig: Setting CVar [[r.DOF.Scatter.BackgroundCompositing:2    ; additive background scattering]]
[2020.07.19-19.16.50:020][  0]LogConfig: Setting CVar [[r.DOF.Scatter.EnableBokehSettings:1      ; bokeh simulation when scattering]]
[2020.07.19-19.16.50:020][  0]LogConfig: Setting CVar [[r.DOF.Scatter.MaxSpriteRatio:0.1         ; only a maximum of 10% of scattered bokeh]]
[2020.07.19-19.16.50:020][  0]LogConfig: Setting CVar [[r.DOF.Recombine.Quality:1                ; cheap slight out of focus]]
[2020.07.19-19.16.50:020][  0]LogConfig: Setting CVar [[r.DOF.Recombine.EnableBokehSettings:0    ; no bokeh simulation on slight out of focus]]
[2020.07.19-19.16.50:020][  0]LogConfig: Setting CVar [[r.DOF.TemporalAAQuality:1                ; more stable temporal accumulation]]
[2020.07.19-19.16.50:020][  0]LogConfig: Setting CVar [[r.DOF.Kernel.MaxForegroundRadius:0.025]]
[2020.07.19-19.16.50:020][  0]LogConfig: Setting CVar [[r.DOF.Kernel.MaxBackgroundRadius:0.025]]
[2020.07.19-19.16.50:020][  0]LogConfig: Applying CVar settings from Section [TextureQuality@3] File [D:/Programy/Unreal Engine/Toon_Tanks_Game/Toon_Tanks/ToonTanks/Saved/Config/Windows/Scalability.ini]
[2020.07.19-19.16.50:020][  0]LogConfig: Setting CVar [[r.Streaming.MipBias:0]]
[2020.07.19-19.16.50:020][  0]LogConfig: Setting CVar [[r.Streaming.AmortizeCPUToGPUCopy:0]]
[2020.07.19-19.16.50:020][  0]LogConfig: Setting CVar [[r.Streaming.MaxNumTexturesToStreamPerFrame:0]]
[2020.07.19-19.16.50:020][  0]LogConfig: Setting CVar [[r.Streaming.Boost:1]]
[2020.07.19-19.16.50:020][  0]LogConfig: Setting CVar [[r.MaxAnisotropy:8]]
[2020.07.19-19.16.50:020][  0]LogConfig: Setting CVar [[r.VT.MaxAnisotropy:8]]
[2020.07.19-19.16.50:020][  0]LogConfig: Setting CVar [[r.Streaming.LimitPoolSizeToVRAM:0]]
[2020.07.19-19.16.50:020][  0]LogConfig: Setting CVar [[r.Streaming.PoolSize:1000]]
[2020.07.19-19.16.50:020][  0]LogConfig: Setting CVar [[r.Streaming.MaxEffectiveScreenSize:0]]
[2020.07.19-19.16.50:020][  0]LogConfig: Applying CVar settings from Section [EffectsQuality@3] File [D:/Programy/Unreal Engine/Toon_Tanks_Game/Toon_Tanks/ToonTanks/Saved/Config/Windows/Scalability.ini]
[2020.07.19-19.16.50:020][  0]LogConfig: Setting CVar [[r.TranslucencyLightingVolumeDim:64]]
[2020.07.19-19.16.50:020][  0]LogConfig: Setting CVar [[r.RefractionQuality:2]]
[2020.07.19-19.16.50:020][  0]LogConfig: Setting CVar [[r.SSR.Quality:3]]
[2020.07.19-19.16.50:021][  0]LogConfig: Setting CVar [[r.SSR.HalfResSceneColor:0]]
[2020.07.19-19.16.50:021][  0]LogConfig: Setting CVar [[r.SceneColorFormat:4]]
[2020.07.19-19.16.50:021][  0]LogConfig: Setting CVar [[r.DetailMode:2]]
[2020.07.19-19.16.50:021][  0]LogConfig: Setting CVar [[r.TranslucencyVolumeBlur:1]]
[2020.07.19-19.16.50:021][  0]LogConfig: Setting CVar [[r.MaterialQualityLevel:1 ; High quality]]
[2020.07.19-19.16.50:021][  0]LogConfig: Setting CVar [[r.SSS.Scale:1]]
[2020.07.19-19.16.50:021][  0]LogConfig: Setting CVar [[r.SSS.SampleSet:2]]
[2020.07.19-19.16.50:021][  0]LogConfig: Setting CVar [[r.SSS.Quality:1]]
[2020.07.19-19.16.50:021][  0]LogConfig: Setting CVar [[r.SSS.HalfRes:0]]
[2020.07.19-19.16.50:021][  0]LogConfig: Setting CVar [[r.SSGI.Quality:3]]
[2020.07.19-19.16.50:021][  0]LogConfig: Setting CVar [[r.EmitterSpawnRateScale:1.0]]
[2020.07.19-19.16.50:021][  0]LogConfig: Setting CVar [[r.ParticleLightQuality:2]]
[2020.07.19-19.16.50:021][  0]LogConfig: Setting CVar [[r.SkyAtmosphere.AerialPerspectiveLUT.FastApplyOnOpaque:1 ; Always have FastSkyLUT 1 in this case to avoid wrong sky]]
[2020.07.19-19.16.50:021][  0]LogConfig: Setting CVar [[r.SkyAtmosphere.AerialPerspectiveLUT.SampleCountPerSlice:1]]
[2020.07.19-19.16.50:021][  0]LogConfig: Setting CVar [[r.SkyAtmosphere.AerialPerspectiveLUT.DepthResolution:16.0]]
[2020.07.19-19.16.50:021][  0]LogConfig: Setting CVar [[r.SkyAtmosphere.FastSkyLUT:1]]
[2020.07.19-19.16.50:021][  0]LogConfig: Setting CVar [[r.SkyAtmosphere.FastSkyLUT.SampleCountMin:4.0]]
[2020.07.19-19.16.50:021][  0]LogConfig: Setting CVar [[r.SkyAtmosphere.FastSkyLUT.SampleCountMax:32.0]]
[2020.07.19-19.16.50:021][  0]LogConfig: Setting CVar [[r.SkyAtmosphere.SampleCountMin:4.0]]
[2020.07.19-19.16.50:021][  0]LogConfig: Setting CVar [[r.SkyAtmosphere.SampleCountMax:32.0]]
[2020.07.19-19.16.50:021][  0]LogConfig: Setting CVar [[r.SkyAtmosphere.TransmittanceLUT.UseSmallFormat:0]]
[2020.07.19-19.16.50:021][  0]LogConfig: Setting CVar [[r.SkyAtmosphere.TransmittanceLUT.SampleCount:10.0]]
[2020.07.19-19.16.50:021][  0]LogConfig: Setting CVar [[r.SkyAtmosphere.MultiScatteringLUT.SampleCount:15.0]]
[2020.07.19-19.16.50:021][  0]LogConfig: Applying CVar settings from Section [FoliageQuality@3] File [D:/Programy/Unreal Engine/Toon_Tanks_Game/Toon_Tanks/ToonTanks/Saved/Config/Windows/Scalability.ini]
[2020.07.19-19.16.50:021][  0]LogConfig: Setting CVar [[foliage.DensityScale:1.0]]
[2020.07.19-19.16.50:021][  0]LogConfig: Setting CVar [[grass.DensityScale:1.0]]
[2020.07.19-19.16.50:021][  0]LogConfig: Applying CVar settings from Section [ShadingQuality@3] File [D:/Programy/Unreal Engine/Toon_Tanks_Game/Toon_Tanks/ToonTanks/Saved/Config/Windows/Scalability.ini]
[2020.07.19-19.16.50:021][  0]LogConfig: Setting CVar [[r.HairStrands.SkyLighting.SampleCount:16]]
[2020.07.19-19.16.50:021][  0]LogConfig: Setting CVar [[r.HairStrands.SkyLighting.JitterIntegration:0]]
[2020.07.19-19.16.50:021][  0]LogConfig: Setting CVar [[r.HairStrands.SkyAO.SampleCount:16]]
[2020.07.19-19.16.50:021][  0]LogConfig: Setting CVar [[r.HairStrands.DeepShadow.SuperSampling:0]]
[2020.07.19-19.16.50:021][  0]LogConfig: Setting CVar [[r.HairStrands.VisibilityPPLL:0]]
[2020.07.19-19.16.50:021][  0]LogConfig: Setting CVar [[r.HairStrands.RasterizationScale:0.5]]
[2020.07.19-19.16.50:021][  0]LogConfig: Setting CVar [[r.HairStrands.VelocityRasterizationScale:1]]
[2020.07.19-19.16.50:021][  0]LogInit: Selected Device Profile: [Windows]
[2020.07.19-19.16.50:021][  0]LogInit: Applying CVar settings loaded from the selected device profile: [Windows]
[2020.07.19-19.16.50:021][  0]LogHAL: Display: Platform has ~ 8 GB [8448389120 / 8589934592 / 8], which maps to Default [LargestMinGB=32, LargerMinGB=12, DefaultMinGB=8, SmallerMinGB=6, SmallestMinGB=0)
[2020.07.19-19.16.50:021][  0]LogInit: Going up to parent DeviceProfile []
[2020.07.19-19.16.50:021][  0]LogConfig: Applying CVar settings from Section [ViewDistanceQuality@3] File [D:/Programy/Unreal Engine/Toon_Tanks_Game/Toon_Tanks/ToonTanks/Saved/Config/Windows/Scalability.ini]
[2020.07.19-19.16.50:021][  0]LogConfig: Setting CVar [[r.SkeletalMeshLODBias:0]]
[2020.07.19-19.16.50:021][  0]LogConfig: Setting CVar [[r.ViewDistanceScale:1.0]]
[2020.07.19-19.16.50:021][  0]LogConfig: Applying CVar settings from Section [AntiAliasingQuality@3] File [D:/Programy/Unreal Engine/Toon_Tanks_Game/Toon_Tanks/ToonTanks/Saved/Config/Windows/Scalability.ini]
[2020.07.19-19.16.50:021][  0]LogConfig: Setting CVar [[r.PostProcessAAQuality:4]]
[2020.07.19-19.16.50:021][  0]LogConfig: Applying CVar settings from Section [ShadowQuality@3] File [D:/Programy/Unreal Engine/Toon_Tanks_Game/Toon_Tanks/ToonTanks/Saved/Config/Windows/Scalability.ini]
[2020.07.19-19.16.50:021][  0]LogConfig: Setting CVar [[r.LightFunctionQuality:1]]
[2020.07.19-19.16.50:021][  0]LogConfig: Setting CVar [[r.ShadowQuality:5]]
[2020.07.19-19.16.50:021][  0]LogConfig: Setting CVar [[r.Shadow.CSM.MaxCascades:10]]
[2020.07.19-19.16.50:021][  0]LogConfig: Setting CVar [[r.Shadow.MaxResolution:2048]]
[2020.07.19-19.16.50:021][  0]LogConfig: Setting CVar [[r.Shadow.MaxCSMResolution:2048]]
[2020.07.19-19.16.50:021][  0]LogConfig: Setting CVar [[r.Shadow.RadiusThreshold:0.01]]
[2020.07.19-19.16.50:021][  0]LogConfig: Setting CVar [[r.Shadow.DistanceScale:1.0]]
[2020.07.19-19.16.50:021][  0]LogConfig: Setting CVar [[r.Shadow.CSM.TransitionScale:1.0]]
[2020.07.19-19.16.50:021][  0]LogConfig: Setting CVar [[r.Shadow.PreShadowResolutionFactor:1.0]]
[2020.07.19-19.16.50:021][  0]LogConfig: Setting CVar [[r.DistanceFieldShadowing:1]]
[2020.07.19-19.16.50:021][  0]LogConfig: Setting CVar [[r.DistanceFieldAO:1]]
[2020.07.19-19.16.50:021][  0]LogConfig: Setting CVar [[r.AOQuality:2]]
[2020.07.19-19.16.50:022][  0]LogConfig: Setting CVar [[r.VolumetricFog:1]]
[2020.07.19-19.16.50:022][  0]LogConfig: Setting CVar [[r.VolumetricFog.GridPixelSize:8]]
[2020.07.19-19.16.50:022][  0]LogConfig: Setting CVar [[r.VolumetricFog.GridSizeZ:128]]
[2020.07.19-19.16.50:022][  0]LogConfig: Setting CVar [[r.VolumetricFog.HistoryMissSupersampleCount:4]]
[2020.07.19-19.16.50:022][  0]LogConfig: Setting CVar [[r.LightMaxDrawDistanceScale:1]]
[2020.07.19-19.16.50:022][  0]LogConfig: Setting CVar [[r.CapsuleShadows:1]]
[2020.07.19-19.16.50:022][  0]LogConfig: Applying CVar settings from Section [PostProcessQuality@3] File [D:/Programy/Unreal Engine/Toon_Tanks_Game/Toon_Tanks/ToonTanks/Saved/Config/Windows/Scalability.ini]
[2020.07.19-19.16.50:022][  0]LogConfig: Setting CVar [[r.MotionBlurQuality:4]]
[2020.07.19-19.16.50:022][  0]LogConfig: Setting CVar [[r.AmbientOcclusionMipLevelFactor:0.4]]
[2020.07.19-19.16.50:022][  0]LogConfig: Setting CVar [[r.AmbientOcclusionMaxQuality:100]]
[2020.07.19-19.16.50:022][  0]LogConfig: Setting CVar [[r.AmbientOcclusionLevels:-1]]
[2020.07.19-19.16.50:022][  0]LogConfig: Setting CVar [[r.AmbientOcclusionRadiusScale:1.0]]
[2020.07.19-19.16.50:022][  0]LogConfig: Setting CVar [[r.DepthOfFieldQuality:2]]
[2020.07.19-19.16.50:022][  0]LogConfig: Setting CVar [[r.RenderTargetPoolMin:400]]
[2020.07.19-19.16.50:022][  0]LogConfig: Setting CVar [[r.LensFlareQuality:2]]
[2020.07.19-19.16.50:022][  0]LogConfig: Setting CVar [[r.SceneColorFringeQuality:1]]
[2020.07.19-19.16.50:022][  0]LogConfig: Setting CVar [[r.EyeAdaptationQuality:2]]
[2020.07.19-19.16.50:022][  0]LogConfig: Setting CVar [[r.BloomQuality:5]]
[2020.07.19-19.16.50:022][  0]LogConfig: Setting CVar [[r.FastBlurThreshold:100]]
[2020.07.19-19.16.50:022][  0]LogConfig: Setting CVar [[r.Upscale.Quality:3]]
[2020.07.19-19.16.50:022][  0]LogConfig: Setting CVar [[r.Tonemapper.GrainQuantization:1]]
[2020.07.19-19.16.50:022][  0]LogConfig: Setting CVar [[r.LightShaftQuality:1]]
[2020.07.19-19.16.50:022][  0]LogConfig: Setting CVar [[r.Filter.SizeScale:1]]
[2020.07.19-19.16.50:022][  0]LogConfig: Setting CVar [[r.Tonemapper.Quality:5]]
[2020.07.19-19.16.50:022][  0]LogConfig: Setting CVar [[r.DOF.Gather.AccumulatorQuality:1        ; higher gathering accumulator quality]]
[2020.07.19-19.16.50:022][  0]LogConfig: Setting CVar [[r.DOF.Gather.PostfilterMethod:1          ; Median3x3 postfilering method]]
[2020.07.19-19.16.50:022][  0]LogConfig: Setting CVar [[r.DOF.Gather.EnableBokehSettings:0       ; no bokeh simulation when gathering]]
[2020.07.19-19.16.50:022][  0]LogConfig: Setting CVar [[r.DOF.Gather.RingCount:4                 ; medium number of samples when gathering]]
[2020.07.19-19.16.50:022][  0]LogConfig: Setting CVar [[r.DOF.Scatter.ForegroundCompositing:1    ; additive foreground scattering]]
[2020.07.19-19.16.50:022][  0]LogConfig: Setting CVar [[r.DOF.Scatter.BackgroundCompositing:2    ; additive background scattering]]
[2020.07.19-19.16.50:022][  0]LogConfig: Setting CVar [[r.DOF.Scatter.EnableBokehSettings:1      ; bokeh simulation when scattering]]
[2020.07.19-19.16.50:022][  0]LogConfig: Setting CVar [[r.DOF.Scatter.MaxSpriteRatio:0.1         ; only a maximum of 10% of scattered bokeh]]
[2020.07.19-19.16.50:022][  0]LogConfig: Setting CVar [[r.DOF.Recombine.Quality:1                ; cheap slight out of focus]]
[2020.07.19-19.16.50:022][  0]LogConfig: Setting CVar [[r.DOF.Recombine.EnableBokehSettings:0    ; no bokeh simulation on slight out of focus]]
[2020.07.19-19.16.50:022][  0]LogConfig: Setting CVar [[r.DOF.TemporalAAQuality:1                ; more stable temporal accumulation]]
[2020.07.19-19.16.50:022][  0]LogConfig: Setting CVar [[r.DOF.Kernel.MaxForegroundRadius:0.025]]
[2020.07.19-19.16.50:022][  0]LogConfig: Setting CVar [[r.DOF.Kernel.MaxBackgroundRadius:0.025]]
[2020.07.19-19.16.50:022][  0]LogConfig: Applying CVar settings from Section [TextureQuality@3] File [D:/Programy/Unreal Engine/Toon_Tanks_Game/Toon_Tanks/ToonTanks/Saved/Config/Windows/Scalability.ini]
[2020.07.19-19.16.50:022][  0]LogConfig: Setting CVar [[r.Streaming.MipBias:0]]
[2020.07.19-19.16.50:022][  0]LogConfig: Setting CVar [[r.Streaming.AmortizeCPUToGPUCopy:0]]
[2020.07.19-19.16.50:022][  0]LogConfig: Setting CVar [[r.Streaming.MaxNumTexturesToStreamPerFrame:0]]
[2020.07.19-19.16.50:022][  0]LogConfig: Setting CVar [[r.Streaming.Boost:1]]
[2020.07.19-19.16.50:022][  0]LogConfig: Setting CVar [[r.MaxAnisotropy:8]]
[2020.07.19-19.16.50:022][  0]LogConfig: Setting CVar [[r.VT.MaxAnisotropy:8]]
[2020.07.19-19.16.50:022][  0]LogConfig: Setting CVar [[r.Streaming.LimitPoolSizeToVRAM:0]]
[2020.07.19-19.16.50:022][  0]LogConfig: Setting CVar [[r.Streaming.PoolSize:1000]]
[2020.07.19-19.16.50:022][  0]LogConfig: Setting CVar [[r.Streaming.MaxEffectiveScreenSize:0]]
[2020.07.19-19.16.50:022][  0]LogConfig: Applying CVar settings from Section [EffectsQuality@3] File [D:/Programy/Unreal Engine/Toon_Tanks_Game/Toon_Tanks/ToonTanks/Saved/Config/Windows/Scalability.ini]
[2020.07.19-19.16.50:022][  0]LogConfig: Setting CVar [[r.TranslucencyLightingVolumeDim:64]]
[2020.07.19-19.16.50:022][  0]LogConfig: Setting CVar [[r.RefractionQuality:2]]
[2020.07.19-19.16.50:022][  0]LogConfig: Setting CVar [[r.SSR.Quality:3]]
[2020.07.19-19.16.50:022][  0]LogConfig: Setting CVar [[r.SSR.HalfResSceneColor:0]]
[2020.07.19-19.16.50:022][  0]LogConfig: Setting CVar [[r.SceneColorFormat:4]]
[2020.07.19-19.16.50:022][  0]LogConfig: Setting CVar [[r.DetailMode:2]]
[2020.07.19-19.16.50:022][  0]LogConfig: Setting CVar [[r.TranslucencyVolumeBlur:1]]
[2020.07.19-19.16.50:022][  0]LogConfig: Setting CVar [[r.MaterialQualityLevel:1 ; High quality]]
[2020.07.19-19.16.50:022][  0]LogConfig: Setting CVar [[r.SSS.Scale:1]]
[2020.07.19-19.16.50:022][  0]LogConfig: Setting CVar [[r.SSS.SampleSet:2]]
[2020.07.19-19.16.50:022][  0]LogConfig: Setting CVar [[r.SSS.Quality:1]]
[2020.07.19-19.16.50:022][  0]LogConfig: Setting CVar [[r.SSS.HalfRes:0]]
[2020.07.19-19.16.50:022][  0]LogConfig: Setting CVar [[r.SSGI.Quality:3]]
[2020.07.19-19.16.50:022][  0]LogConfig: Setting CVar [[r.EmitterSpawnRateScale:1.0]]
[2020.07.19-19.16.50:022][  0]LogConfig: Setting CVar [[r.ParticleLightQuality:2]]
[2020.07.19-19.16.50:023][  0]LogConfig: Setting CVar [[r.SkyAtmosphere.AerialPerspectiveLUT.FastApplyOnOpaque:1 ; Always have FastSkyLUT 1 in this case to avoid wrong sky]]
[2020.07.19-19.16.50:023][  0]LogConfig: Setting CVar [[r.SkyAtmosphere.AerialPerspectiveLUT.SampleCountPerSlice:1]]
[2020.07.19-19.16.50:023][  0]LogConfig: Setting CVar [[r.SkyAtmosphere.AerialPerspectiveLUT.DepthResolution:16.0]]
[2020.07.19-19.16.50:023][  0]LogConfig: Setting CVar [[r.SkyAtmosphere.FastSkyLUT:1]]
[2020.07.19-19.16.50:023][  0]LogConfig: Setting CVar [[r.SkyAtmosphere.FastSkyLUT.SampleCountMin:4.0]]
[2020.07.19-19.16.50:023][  0]LogConfig: Setting CVar [[r.SkyAtmosphere.FastSkyLUT.SampleCountMax:32.0]]
[2020.07.19-19.16.50:023][  0]LogConfig: Setting CVar [[r.SkyAtmosphere.SampleCountMin:4.0]]
[2020.07.19-19.16.50:023][  0]LogConfig: Setting CVar [[r.SkyAtmosphere.SampleCountMax:32.0]]
[2020.07.19-19.16.50:023][  0]LogConfig: Setting CVar [[r.SkyAtmosphere.TransmittanceLUT.UseSmallFormat:0]]
[2020.07.19-19.16.50:023][  0]LogConfig: Setting CVar [[r.SkyAtmosphere.TransmittanceLUT.SampleCount:10.0]]
[2020.07.19-19.16.50:023][  0]LogConfig: Setting CVar [[r.SkyAtmosphere.MultiScatteringLUT.SampleCount:15.0]]
[2020.07.19-19.16.50:023][  0]LogConfig: Applying CVar settings from Section [FoliageQuality@3] File [D:/Programy/Unreal Engine/Toon_Tanks_Game/Toon_Tanks/ToonTanks/Saved/Config/Windows/Scalability.ini]
[2020.07.19-19.16.50:023][  0]LogConfig: Setting CVar [[foliage.DensityScale:1.0]]
[2020.07.19-19.16.50:023][  0]LogConfig: Setting CVar [[grass.DensityScale:1.0]]
[2020.07.19-19.16.50:023][  0]LogConfig: Applying CVar settings from Section [ShadingQuality@3] File [D:/Programy/Unreal Engine/Toon_Tanks_Game/Toon_Tanks/ToonTanks/Saved/Config/Windows/Scalability.ini]
[2020.07.19-19.16.50:023][  0]LogConfig: Setting CVar [[r.HairStrands.SkyLighting.SampleCount:16]]
[2020.07.19-19.16.50:023][  0]LogConfig: Setting CVar [[r.HairStrands.SkyLighting.JitterIntegration:0]]
[2020.07.19-19.16.50:023][  0]LogConfig: Setting CVar [[r.HairStrands.SkyAO.SampleCount:16]]
[2020.07.19-19.16.50:023][  0]LogConfig: Setting CVar [[r.HairStrands.DeepShadow.SuperSampling:0]]
[2020.07.19-19.16.50:023][  0]LogConfig: Setting CVar [[r.HairStrands.VisibilityPPLL:0]]
[2020.07.19-19.16.50:023][  0]LogConfig: Setting CVar [[r.HairStrands.RasterizationScale:0.5]]
[2020.07.19-19.16.50:023][  0]LogConfig: Setting CVar [[r.HairStrands.VelocityRasterizationScale:1]]
[2020.07.19-19.16.50:023][  0]LogConfig: Applying CVar settings from Section [Startup] File [../../../Engine/Config/ConsoleVariables.ini]
[2020.07.19-19.16.50:023][  0]LogConfig: Setting CVar [[net.UseAdaptiveNetUpdateFrequency:0]]
[2020.07.19-19.16.50:023][  0]LogConfig: Setting CVar [[p.chaos.AllowCreatePhysxBodies:1]]
[2020.07.19-19.16.50:023][  0]LogConfig: Setting CVar [[fx.SkipVectorVMBackendOptimizations:1]]
[2020.07.19-19.16.50:023][  0]LogConfig: Applying CVar settings from Section [ConsoleVariables] File [D:/Programy/Unreal Engine/Toon_Tanks_Game/Toon_Tanks/ToonTanks/Saved/Config/Windows/Engine.ini]
[2020.07.19-19.16.50:023][  0]LogInit: Computer: DESKTOP-B3O8TIQ
[2020.07.19-19.16.50:023][  0]LogInit: User: PiotrDobrasiewicz
[2020.07.19-19.16.50:023][  0]LogInit: CPU Page size=4096, Cores=4
[2020.07.19-19.16.50:023][  0]LogInit: High frequency timer resolution =10.000000 MHz
[2020.07.19-19.16.50:024][  0]LogMemory: Memory total: Physical=7.9GB (8GB approx)
[2020.07.19-19.16.50:024][  0]LogMemory: Platform Memory Stats for Windows
[2020.07.19-19.16.50:024][  0]LogMemory: Process Physical Memory: 115.06 MB used, 115.07 MB peak
[2020.07.19-19.16.50:024][  0]LogMemory: Process Virtual Memory: 104.69 MB used, 104.69 MB peak
[2020.07.19-19.16.50:024][  0]LogMemory: Physical Memory: 4653.21 MB used,  3403.80 MB free, 8057.01 MB total
[2020.07.19-19.16.50:024][  0]LogMemory: Virtual Memory: 5152.46 MB used,  134212576.00 MB free, 134217728.00 MB total
[2020.07.19-19.16.50:030][  0]LogWindows: WindowsPlatformFeatures enabled
[2020.07.19-19.16.50:071][  0]LogInit: Physics initialised using underlying interface: PhysX
[2020.07.19-19.16.50:072][  0]LogInit: Using OS detected language (pl-PL).
[2020.07.19-19.16.50:072][  0]LogInit: Using OS detected locale (pl-PL).
[2020.07.19-19.16.50:074][  0]LogTextLocalizationManager: No specific localization for 'pl-PL' exists, so the 'pl' localization will be used.
[2020.07.19-19.16.50:075][  0]LogTextLocalizationResource: LocRes '../../../Engine/Content/Localization/Editor/pl/Editor.locres' could not be opened for reading!
[2020.07.19-19.16.50:075][  0]LogTextLocalizationResource: LocRes '../../../Engine/Content/Localization/EditorTutorials/pl/EditorTutorials.locres' could not be opened for reading!
[2020.07.19-19.16.50:075][  0]LogTextLocalizationResource: LocRes '../../../Engine/Content/Localization/Keywords/pl/Keywords.locres' could not be opened for reading!
[2020.07.19-19.16.50:075][  0]LogTextLocalizationResource: LocRes '../../../Engine/Content/Localization/Category/pl/Category.locres' could not be opened for reading!
[2020.07.19-19.16.50:075][  0]LogTextLocalizationResource: LocRes '../../../Engine/Content/Localization/ToolTips/pl/ToolTips.locres' could not be opened for reading!
[2020.07.19-19.16.50:075][  0]LogTextLocalizationResource: LocRes '../../../Engine/Content/Localization/PropertyNames/pl/PropertyNames.locres' could not be opened for reading!
[2020.07.19-19.16.50:075][  0]LogTextLocalizationResource: LocRes '../../../Engine/Content/Localization/Engine/pl/Engine.locres' could not be opened for reading!
[2020.07.19-19.16.50:079][  0]LogInit: Setting process to per monitor DPI aware
[2020.07.19-19.16.50:144][  0]LogSlate: New Slate User Created.  User Index 0, Is Virtual User: 0
[2020.07.19-19.16.50:144][  0]LogSlate: Slate User Registered.  User Index 0, Is Virtual User: 0
[2020.07.19-19.16.50:406][  0]LogHMD: Failed to initialize OpenVR with code 110
[2020.07.19-19.16.50:406][  0]LogD3D11RHI: D3D11 min allowed feature level: 11_0
[2020.07.19-19.16.50:406][  0]LogD3D11RHI: D3D11 max allowed feature level: 11_0
[2020.07.19-19.16.50:406][  0]LogD3D11RHI: D3D11 adapters:
[2020.07.19-19.16.50:509][  0]LogD3D11RHI:    0. 'NVIDIA GeForce GTX 960M' (Feature Level 11_0)
[2020.07.19-19.16.50:509][  0]LogD3D11RHI:       4055/0/4028 MB DedicatedVideo/DedicatedSystem/SharedSystem, Outputs:1, VendorId:0x10de
[2020.07.19-19.16.50:550][  0]LogD3D11RHI:    1. 'Intel(R) HD Graphics 530' (Feature Level 11_0)
[2020.07.19-19.16.50:550][  0]LogD3D11RHI:       128/0/4028 MB DedicatedVideo/DedicatedSystem/SharedSystem, Outputs:0, VendorId:0x8086
[2020.07.19-19.16.50:554][  0]LogD3D11RHI:    2. 'Microsoft Basic Render Driver' (Feature Level 11_0)
[2020.07.19-19.16.50:554][  0]LogD3D11RHI:       0/0/4028 MB DedicatedVideo/DedicatedSystem/SharedSystem, Outputs:0, VendorId:0x1414
[2020.07.19-19.16.50:554][  0]LogD3D11RHI: Chosen D3D11 Adapter: 0
[2020.07.19-19.16.50:629][  0]LogD3D11RHI: Creating new Direct3DDevice
[2020.07.19-19.16.50:629][  0]LogD3D11RHI:     GPU DeviceId: 0x139b (for the marketing name, search the web for "GPU Device Id")
[2020.07.19-19.16.50:629][  0]LogWindows: EnumDisplayDevices:
[2020.07.19-19.16.50:629][  0]LogWindows:    0. 'Intel(R) HD Graphics 530' (P:1 D:1)
[2020.07.19-19.16.50:630][  0]LogWindows:    1. 'Intel(R) HD Graphics 530' (P:0 D:0)
[2020.07.19-19.16.50:630][  0]LogWindows:    2. 'Intel(R) HD Graphics 530' (P:0 D:0)
[2020.07.19-19.16.50:631][  0]LogWindows: DebugString: PrimaryIsNotTheChoosenAdapter PrimaryIsNotTheChoosenAdapter PrimaryIsNotTheChoosenAdapter FoundDriverCount:0 
[2020.07.19-19.16.50:631][  0]LogD3D11RHI:     Adapter Name: NVIDIA GeForce GTX 960M
[2020.07.19-19.16.50:631][  0]LogD3D11RHI:   Driver Version: Unknown (internal:Unknown, unified:Unknown)
[2020.07.19-19.16.50:631][  0]LogD3D11RHI:      Driver Date: Unknown
[2020.07.19-19.16.50:631][  0]LogRHI: Texture pool is 2839 MB (70% of 4055 MB)
[2020.07.19-19.16.50:705][  0]LogD3D11RHI: RHI has support for 64 bit atomics
[2020.07.19-19.16.50:708][  0]LogD3D11RHI: [Aftermath] Enabled and primed
[2020.07.19-19.16.50:708][  0]LogD3D11RHI: Async texture creation enabled
[2020.07.19-19.16.50:727][  0]LogD3D11RHI: GPU Timing Frequency: 1000.000000 (Debug: 2 1)
[2020.07.19-19.16.51:268][  0]LogTargetPlatformManager: Display: Loaded TargetPlatform 'AllDesktop'
[2020.07.19-19.16.51:295][  0]LogTargetPlatformManager: Display: Loaded TargetPlatform 'Android'
[2020.07.19-19.16.51:295][  0]LogTargetPlatformManager: Display: Loaded TargetPlatform 'Android_ASTC'
[2020.07.19-19.16.51:295][  0]LogTargetPlatformManager: Display: Loaded TargetPlatform 'Android_DXT'
[2020.07.19-19.16.51:295][  0]LogTargetPlatformManager: Display: Loaded TargetPlatform 'Android_ETC2'
[2020.07.19-19.16.51:295][  0]LogTargetPlatformManager: Display: Loaded TargetPlatform 'AndroidClient'
[2020.07.19-19.16.51:295][  0]LogTargetPlatformManager: Display: Loaded TargetPlatform 'Android_ASTCClient'
[2020.07.19-19.16.51:295][  0]LogTargetPlatformManager: Display: Loaded TargetPlatform 'Android_DXTClient'
[2020.07.19-19.16.51:295][  0]LogTargetPlatformManager: Display: Loaded TargetPlatform 'Android_ETC2Client'
[2020.07.19-19.16.51:295][  0]LogTargetPlatformManager: Display: Loaded TargetPlatform 'Android_Multi'
[2020.07.19-19.16.51:295][  0]LogTargetPlatformManager: Display: Loaded TargetPlatform 'Android_MultiClient'
[2020.07.19-19.16.51:325][  0]LogTargetPlatformManager: Display: Loaded TargetPlatform 'IOSClient'
[2020.07.19-19.16.51:326][  0]LogTargetPlatformManager: Display: Loaded TargetPlatform 'IOS'
[2020.07.19-19.16.51:342][  0]LogTargetPlatformManager: Display: Loaded TargetPlatform 'Linux'
[2020.07.19-19.16.51:354][  0]LogTargetPlatformManager: Display: Loaded TargetPlatform 'LinuxNoEditor'
[2020.07.19-19.16.51:368][  0]LogTargetPlatformManager: Display: Loaded TargetPlatform 'LinuxClient'
[2020.07.19-19.16.51:383][  0]LogTargetPlatformManager: Display: Loaded TargetPlatform 'LinuxServer'
[2020.07.19-19.16.51:395][  0]LogTargetPlatformManager: Display: Loaded TargetPlatform 'LinuxAArch64NoEditor'
[2020.07.19-19.16.51:409][  0]LogTargetPlatformManager: Display: Loaded TargetPlatform 'LinuxAArch64Client'
[2020.07.19-19.16.51:420][  0]LogTargetPlatformManager: Display: Loaded TargetPlatform 'LinuxAArch64Server'
[2020.07.19-19.16.51:454][  0]LogTargetPlatformManager: Display: Loaded TargetPlatform 'Lumin'
[2020.07.19-19.16.51:454][  0]LogTargetPlatformManager: Display: Loaded TargetPlatform 'LuminClient'
[2020.07.19-19.16.51:474][  0]LogTargetPlatformManager: Display: Loaded TargetPlatform 'TVOSClient'
[2020.07.19-19.16.51:474][  0]LogTargetPlatformManager: Display: Loaded TargetPlatform 'TVOS'
[2020.07.19-19.16.51:485][  0]LogTargetPlatformManager: Display: Loaded TargetPlatform 'WindowsNoEditor'
[2020.07.19-19.16.51:496][  0]LogTargetPlatformManager: Display: Loaded TargetPlatform 'Windows'
[2020.07.19-19.16.51:511][  0]LogTargetPlatformManager: Display: Loaded TargetPlatform 'WindowsClient'
[2020.07.19-19.16.51:521][  0]LogTargetPlatformManager: Display: Loaded TargetPlatform 'WindowsServer'
[2020.07.19-19.16.51:522][  0]LogTargetPlatformManager: Display: Building Assets For Windows
[2020.07.19-19.16.51:532][  0]LogAudioDebug: Display: Lib vorbis DLL was dynamically loaded.
[2020.07.19-19.16.51:608][  0]LogShaderCompilers: Guid format shader working directory is -3 characters bigger than the processId version (../../../../Toon_Tanks_Game/Toon_Tanks/ToonTanks/Intermediate/Shaders/WorkingDirectory/15796/).
[2020.07.19-19.16.51:608][  0]LogShaderCompilers: Cleaned the shader compiler working directory 'C:/Users/miszc/AppData/Local/Temp/UnrealShaderWorkingDir/29781CCA44859DA0A04C6DB9E14C177C/'.
[2020.07.19-19.16.51:608][  0]LogXGEController: Cleaning working directory: C:/Users/miszc/AppData/Local/Temp/UnrealXGEWorkingDir/
[2020.07.19-19.16.51:609][  0]LogXGEController: Cannot use XGE Controller as Incredibuild is not installed on this machine.
[2020.07.19-19.16.51:609][  0]LogShaderCompilers: Cannot use XGE Shader Compiler as Incredibuild is not installed on this machine.
[2020.07.19-19.16.51:609][  0]LogShaderCompilers: Display: Using Local Shader Compiler.
[2020.07.19-19.16.52:741][  0]LogDerivedDataCache: Display: Max Cache Size: 512 MB
[2020.07.19-19.16.52:823][  0]LogDerivedDataCache: Loaded boot cache 0.08s 75MB C:/Users/miszc/AppData/Local/UnrealEngine/4.25/DerivedDataCache/Boot.ddc.
[2020.07.19-19.16.52:824][  0]LogDerivedDataCache: Display: Loaded Boot cache: C:/Users/miszc/AppData/Local/UnrealEngine/4.25/DerivedDataCache/Boot.ddc
[2020.07.19-19.16.52:824][  0]LogDerivedDataCache: FDerivedDataBackendGraph:  Pak pak cache file ../../../../Toon_Tanks_Game/Toon_Tanks/ToonTanks/DerivedDataCache/DDC.ddp not found, will not use a pak cache.
[2020.07.19-19.16.52:824][  0]LogDerivedDataCache: Unable to find inner node Pak for hierarchical cache Hierarchy.
[2020.07.19-19.16.52:824][  0]LogDerivedDataCache: FDerivedDataBackendGraph:  CompressedPak pak cache file ../../../../Toon_Tanks_Game/Toon_Tanks/ToonTanks/DerivedDataCache/Compressed.ddp not found, will not use a pak cache.
[2020.07.19-19.16.52:824][  0]LogDerivedDataCache: Unable to find inner node CompressedPak for hierarchical cache Hierarchy.
[2020.07.19-19.16.52:840][  0]LogDerivedDataCache: Display: Pak cache opened for reading ../../../Engine/DerivedDataCache/Compressed.ddp.
[2020.07.19-19.16.52:840][  0]LogDerivedDataCache: FDerivedDataBackendGraph:  EnterprisePak pak cache file ../../../Enterprise/DerivedDataCache/Compressed.ddp not found, will not use a pak cache.
[2020.07.19-19.16.52:840][  0]LogDerivedDataCache: Unable to find inner node EnterprisePak for hierarchical cache Hierarchy.
[2020.07.19-19.16.52:842][  0]LogDerivedDataCache: Using Local data cache path C:/Users/miszc/AppData/Local/UnrealEngine/Common/DerivedDataCache: Writable
[2020.07.19-19.16.52:842][  0]LogDerivedDataCache: Shared data cache path not found in *engine.ini, will not use an Shared cache.
[2020.07.19-19.16.52:842][  0]LogDerivedDataCache: Unable to find inner node Shared for hierarchical cache Hierarchy.
[2020.07.19-19.16.52:913][  0]LogSlate: Using FreeType 2.10.0
[2020.07.19-19.16.52:913][  0]LogSlate: SlateFontServices - WITH_FREETYPE: 1, WITH_HARFBUZZ: 1
[2020.07.19-19.16.52:950][  0]LogAssetRegistry: FAssetRegistry took 0.0029 seconds to start up
[2020.07.19-19.16.53:307][  0]LogInit: Selected Device Profile: [Windows]
[2020.07.19-19.16.53:479][  0]LogMeshReduction: Using QuadricMeshReduction for automatic static mesh reduction
[2020.07.19-19.16.53:479][  0]LogMeshReduction: Using SimplygonMeshReduction for automatic skeletal mesh reduction
[2020.07.19-19.16.53:479][  0]LogMeshReduction: Using ProxyLODMeshReduction for automatic mesh merging
[2020.07.19-19.16.53:479][  0]LogMeshReduction: No distributed automatic mesh merging module available
[2020.07.19-19.16.53:479][  0]LogMeshMerging: No distributed automatic mesh merging module available
[2020.07.19-19.16.53:509][  0]LogNetVersion: ToonTanks 1.0.0, NetCL: 13144385, EngineNetVer: 14, GameNetVer: 0 (Checksum: 281104731)
[2020.07.19-19.16.54:141][  0]LogAISub: UAISubsystem::UAISubsystem AISubsystem (00000112BD93F080), frame # 0
[2020.07.19-19.16.54:141][  0]LogAISub: UAISubsystem::UAISubsystem AIPerceptionSystem (00000112BD928A40), frame # 0
[2020.07.19-19.16.54:143][  0]LogAISub: UAISubsystem::UAISubsystem EnvQueryManager (00000112BD949E00), frame # 0
[2020.07.19-19.16.54:205][  0]LogPackageLocalizationCache: Processed 19 localized package path(s) for 1 prioritized culture(s) in 0.051329 seconds
[2020.07.19-19.16.54:210][  0]LogUObjectArray: 15913 objects as part of root set at end of initial load.
[2020.07.19-19.16.54:210][  0]LogUObjectAllocator: 3964304 out of 0 bytes used by permanent object pool.
[2020.07.19-19.16.54:210][  0]LogUObjectArray: CloseDisregardForGC: 0/0 objects in disregard for GC pool
[2020.07.19-19.16.54:690][  0]LogTcpMessaging: Initializing TcpMessaging bridge
[2020.07.19-19.16.54:697][  0]LogUdpMessaging: Initializing bridge on interface 0.0.0.0:0 to multicast group 230.0.0.1:6666.
[2020.07.19-19.16.54:807][  0]SourceControl: Source control is disabled
[2020.07.19-19.16.54:807][  0]SourceControl: Source control is disabled
[2020.07.19-19.16.54:811][  0]SourceControl: Source control is disabled
[2020.07.19-19.16.54:814][  0]SourceControl: Source control is disabled
[2020.07.19-19.16.54:823][  0]SourceControl: Source control is disabled
[2020.07.19-19.16.55:161][  0]LogAndroidPermission: UAndroidPermissionCallbackProxy::GetInstance
[2020.07.19-19.16.55:191][  0]LogAudioCaptureCore: Display: No Audio Capture implementations found. Audio input will be silent.
[2020.07.19-19.16.55:191][  0]LogAudioCaptureCore: Display: No Audio Capture implementations found. Audio input will be silent.
[2020.07.19-19.16.55:252][  0]LogOcInput: OculusInput pre-init called
[2020.07.19-19.16.55:263][  0]LogWindows: Failed to load 'OVRPlugin.dll' (GetLastError=126)
[2020.07.19-19.16.55:263][  0]LogWindows: File 'OVRPlugin.dll' does not exist
[2020.07.19-19.16.55:347][  0]LogEngine: Initializing Engine...
[2020.07.19-19.16.55:348][  0]LogHMD: Failed to initialize OpenVR with code 110
[2020.07.19-19.16.55:348][  0]LogMagicLeap: Warning: VR disabled because ZI is not enabled.  To enable, in the editor, Edit -> Project Settings -> Plugins -> Magic Leap Plugin -> Enable Zero Iteration
[2020.07.19-19.16.55:350][  0]LogStats: UGameplayTagsManager::InitializeManager -  0.000 s
[2020.07.19-19.16.55:503][  0]LogInit: Initializing FReadOnlyCVARCache
[2020.07.19-19.16.55:516][  0]LogAIModule: Creating AISystem for world Untitled
[2020.07.19-19.16.55:516][  0]LogAISub: UAISubsystem::UAISubsystem EnvQueryManager (00000112C0297C00), frame # 0
[2020.07.19-19.16.55:516][  0]LogAISub: UAISubsystem::UAISubsystem AIPerceptionSystem (00000112C023FB00), frame # 0
[2020.07.19-19.16.55:552][  0]LogAudioMixer: Display: Audio Mixer Platform Settings:
[2020.07.19-19.16.55:552][  0]LogAudioMixer: Display: 	Sample Rate:						  48000
[2020.07.19-19.16.55:552][  0]LogAudioMixer: Display: 	Callback Buffer Frame Size Requested: 1024
[2020.07.19-19.16.55:552][  0]LogAudioMixer: Display: 	Callback Buffer Frame Size To Use:	  1024
[2020.07.19-19.16.55:552][  0]LogAudioMixer: Display: 	Number of buffers to queue:			  2
[2020.07.19-19.16.55:552][  0]LogAudioMixer: Display: 	Max Channels (voices):				  32
[2020.07.19-19.16.55:552][  0]LogAudioMixer: Display: 	Number of Async Source Workers:		  0
[2020.07.19-19.16.55:552][  0]LogAudio: Display: AudioDevice MaxSources: 32
[2020.07.19-19.16.55:552][  0]LogAudio: Display: Using built-in audio occlusion.
[2020.07.19-19.16.55:552][  0]LogAudioMixer: Display: Initializing audio mixer.
[2020.07.19-19.16.55:567][  0]LogAudioMixer: Display: 0: FrontLeft
[2020.07.19-19.16.55:567][  0]LogAudioMixer: Display: 1: FrontRight
[2020.07.19-19.16.55:683][  0]LogAudioMixer: Display: Using Audio Device Głośniki (Conexant SmartAudio HD)
[2020.07.19-19.16.55:687][  0]LogAudioMixer: Display: Initializing Sound Submixes...
[2020.07.19-19.16.55:689][  0]LogAudioMixer: Display: Creating Master Submix 'MasterSubmixDefault'
[2020.07.19-19.16.55:689][  0]LogAudioMixer: Display: Creating Master Submix 'MasterReverbSubmixDefault'
[2020.07.19-19.16.55:690][  0]LogAudioMixer: Display: Creating Master Submix 'MasterEQSubmixDefault'
[2020.07.19-19.16.55:691][  0]LogInit: FAudioDevice initialized.
[2020.07.19-19.16.55:692][  0]LogNetVersion: Set ProjectVersion to 1.0.0.0. Version Checksum will be recalculated on next use.
[2020.07.19-19.16.55:810][  0]LogDerivedDataCache: Saved boot cache 0.12s 75MB C:/Users/miszc/AppData/Local/UnrealEngine/4.25/DerivedDataCache/Boot.ddc.
[2020.07.19-19.16.55:813][  0]LogInit: Texture streaming: Enabled
[2020.07.19-19.16.55:835][  0]LogEngineSessionManager: EngineSessionManager initialized
[2020.07.19-19.16.55:835][  0]LogEditorSessionSummary: Verbose: Initializing EditorSessionSummaryWriter for editor session tracking
[2020.07.19-19.16.55:844][  0]LogEditorSessionSummary: EditorSessionSummaryWriter initialized
[2020.07.19-19.16.55:913][  0]LogInit: Transaction tracking system initialized
[2020.07.19-19.16.55:940][  0]BlueprintLog: New page: Editor Load
[2020.07.19-19.16.56:040][  0]LocalizationService: Localization service is disabled
[2020.07.19-19.16.56:244][  0]LogCook: Display: Max memory allowance for cook 16384mb min free memory 0mb
[2020.07.19-19.16.56:244][  0]LogCook: Display: Mobile HDR setting 1
[2020.07.19-19.16.56:434][  0]LogFileCache: Scanning file cache for directory 'D:/Programy/Unreal Engine/Toon_Tanks_Game/Toon_Tanks/ToonTanks/Content/' took 0.00s
[2020.07.19-19.16.56:730][  0]SourceControl: Source control is disabled
[2020.07.19-19.16.56:730][  0]LogUnrealEdMisc: Loading editor; pre map load, took 10.512
[2020.07.19-19.16.56:730][  0]Cmd: MAP LOAD FILE="../../../../Toon_Tanks_Game/Toon_Tanks/ToonTanks/Content/Maps/Main.umap" TEMPLATE=0 SHOWPROGRESS=1 FEATURELEVEL=3
[2020.07.19-19.16.56:731][  0]LightingResults: New page: Lighting Build
[2020.07.19-19.16.56:732][  0]LogWorld: UWorld::CleanupWorld for Untitled, bSessionEnded=true, bCleanupResources=true
[2020.07.19-19.16.56:732][  0]LogSlate: InvalidateAllWidgets triggered.  All widgets were invalidated
[2020.07.19-19.16.56:732][  0]MapCheck: New page: Map Check
[2020.07.19-19.16.56:733][  0]LightingResults: New page: Lighting Build
[2020.07.19-19.16.56:745][  0]LogAISub: UAISubsystem::~UAISubsystem EnvQueryManager (00000112C0297C00), frame # 0
[2020.07.19-19.16.56:745][  0]LogAISub: UAISubsystem::~UAISubsystem AIPerceptionSystem (00000112C023FB00), frame # 0
[2020.07.19-19.16.56:745][  0]LogUObjectHash: Compacting FUObjectHashTables data took   0.72ms
[2020.07.19-19.16.56:856][  0]LogAIModule: Creating AISystem for world Main
[2020.07.19-19.16.56:856][  0]LogAISub: UAISubsystem::UAISubsystem EnvQueryManager (00000112CA9B8400), frame # 0
[2020.07.19-19.16.56:856][  0]LogAISub: UAISubsystem::UAISubsystem AIPerceptionSystem (00000112BB175440), frame # 0
[2020.07.19-19.16.56:864][  0]LogEditorServer: Finished looking for orphan Actors (0.000 secs)
[2020.07.19-19.16.56:882][  0]LogUObjectHash: Compacting FUObjectHashTables data took   2.35ms
[2020.07.19-19.16.56:883][  0]Cmd: MAP CHECKDEP NOCLEARLOG
[2020.07.19-19.16.56:883][  0]MapCheck: Map check complete: 0 Error(s), 0 Warning(s), took 0,124ms to complete.
[2020.07.19-19.16.56:883][  0]LogFileHelpers: Loading map 'Main' took 0.153
[2020.07.19-19.16.56:886][  0]LogUnrealEdMisc: Total Editor Startup Time, took 10.667
[2020.07.19-19.16.57:047][  0]LogSlate: Updating window title bar state: overlay mode, drag disabled, window buttons hidden, title bar hidden
[2020.07.19-19.16.57:057][  0]LogSlate: Updating window title bar state: overlay mode, drag disabled, window buttons hidden, title bar hidden
[2020.07.19-19.16.57:066][  0]LogSlate: Updating window title bar state: overlay mode, drag disabled, window buttons hidden, title bar hidden
[2020.07.19-19.16.57:075][  0]LogSlate: Updating window title bar state: overlay mode, drag disabled, window buttons hidden, title bar hidden
[2020.07.19-19.16.57:089][  0]LogCollectionManager: Loaded 0 collections in 0.001092 seconds
[2020.07.19-19.16.57:106][  0]LogFileCache: Scanning file cache for directory 'D:/Programy/Unreal Engine/Toon_Tanks_Game/Toon_Tanks/ToonTanks/Saved/Collections/' took 0.00s
[2020.07.19-19.16.57:106][  0]LogFileCache: Scanning file cache for directory 'D:/Programy/Unreal Engine/Toon_Tanks_Game/Toon_Tanks/ToonTanks/Content/Developers/PiotrDobrasiewicz/Collections/' took 0.00s
[2020.07.19-19.16.57:106][  0]LogFileCache: Scanning file cache for directory 'D:/Programy/Unreal Engine/Toon_Tanks_Game/Toon_Tanks/ToonTanks/Content/Collections/' took 0.00s
[2020.07.19-19.16.57:106][  0]LogContentBrowser: Native class hierarchy populated in 0.0110 seconds. Added 3429 classes and 824 folders.
[2020.07.19-19.16.57:111][  0]LogContentBrowser: Native class hierarchy updated for 'WidgetCarousel' in 0.0006 seconds. Added 0 classes and 0 folders.
[2020.07.19-19.16.57:184][  0]LogContentBrowser: Native class hierarchy updated for 'AddContentDialog' in 0.0005 seconds. Added 0 classes and 0 folders.
[2020.07.19-19.16.57:185][  0]LogContentBrowser: Native class hierarchy updated for 'SceneOutliner' in 0.0004 seconds. Added 2 classes and 0 folders.
[2020.07.19-19.16.57:230][  0]LogSlate: Took 0.000248 seconds to synchronously load lazily loaded font '../../../Engine/Content/Slate/Fonts/Roboto-Regular.ttf' (155K)
[2020.07.19-19.16.58:166][  0]LogSlate: Took 0.000341 seconds to synchronously load lazily loaded font '../../../Engine/Content/Slate/Fonts/Roboto-Bold.ttf' (160K)
[2020.07.19-19.16.58:176][  0]LogSlate: Took 0.000366 seconds to synchronously load lazily loaded font '../../../Engine/Content/Editor/Slate/Fonts/FontAwesome.ttf' (139K)
[2020.07.19-19.16.58:246][  0]LogRenderer: Reallocating scene render targets to support 964x432 Format 10 NumSamples 1 (Frame:1).
[2020.07.19-19.16.58:347][  0]LogSlate: Took 0.001254 seconds to synchronously load lazily loaded font '../../../Engine/Content/Slate/Fonts/Roboto-Light.ttf' (167K)
[2020.07.19-19.16.58:453][  0]LogContentBrowser: Native class hierarchy updated for 'HierarchicalLODOutliner' in 0.0008 seconds. Added 0 classes and 0 folders.
[2020.07.19-19.16.58:453][  0]LogLoad: (Engine Initialization) Total time: 12.24 seconds
[2020.07.19-19.16.58:453][  0]LogLoad: (Engine Initialization) Total Blueprint compile time: 0.00 seconds
[2020.07.19-19.16.58:528][  0]LogAssetRegistry: Asset discovery search completed in 5.5790 seconds
[2020.07.19-19.16.58:537][  0]LogCollectionManager: Fixed up redirectors for 0 collections in 0.000011 seconds (updated 0 objects)
[2020.07.19-19.16.58:539][  0]LogContentStreaming: Texture pool size now 1000 MB
[2020.07.19-19.17.31:505][159]LogSlate: Window 'Editor Preferences' being destroyed
[2020.07.19-19.17.31:515][159]LogSlate: Window 'Editor Preferences' being destroyed
[2020.07.19-19.17.32:544][206]LogSlate: Took 0.002997 seconds to synchronously load lazily loaded font '../../../Engine/Content/Slate/Fonts/Roboto-Light.ttf' (167K)
[2020.07.19-19.17.32:577][206]LogAssetEditorSubsystem: Opening Asset editor for Class /Script/ToonTanks.PawnTank
[2020.07.19-19.17.39:488][347]Running D:/Programy/Unreal Engine/UE_4.25/Engine/Binaries/DotNET/UnrealBuildTool.exe  -projectfiles -project="D:/Programy/Unreal Engine/Toon_Tanks_Game/Toon_Tanks/ToonTanks/ToonTanks.uproject" -game -rocket -progress
[2020.07.19-19.17.39:903][347]Discovering modules, targets and source code for project...
[2020.07.19-19.17.41:513][347]Binding IntelliSense data...
[2020.07.19-19.17.43:945][347]Binding IntelliSense data... 100%
[2020.07.19-19.17.43:945][347]Writing project files...
[2020.07.19-19.17.44:046][347]Writing project files... 100%
[2020.07.19-19.38.32:867][264]Candidate modules for hot reload:
[2020.07.19-19.38.32:867][264]  ToonTanks
[2020.07.19-19.38.32:867][264]Launching UnrealBuildTool... [D:/Programy/Unreal Engine/UE_4.25/Engine/Binaries/DotNET/UnrealBuildTool.exe  -ModuleWithSuffix=ToonTanks,8786 ToonTanksEditor Win64 Development -Project="D:/Programy/Unreal Engine/Toon_Tanks_Game/Toon_Tanks/ToonTanks/ToonTanks.uproject" "D:/Programy/Unreal Engine/Toon_Tanks_Game/Toon_Tanks/ToonTanks/ToonTanks.uproject"  -IgnoreJunk]
[2020.07.19-19.38.32:883][264]Warning: Starting HotReload took  0.0s.
[2020.07.19-19.38.56:689][ 92]CompilerResultsLog: New page: Compilation - 19 lip 2020, 23:38:56
[2020.07.19-19.38.56:691][ 92]CompilerResultsLog: Using 'git status' to determine working set for adaptive non-unity build (D:\Programy\Unreal Engine\Toon_Tanks_Game\Toon_Tanks).
[2020.07.19-19.38.56:691][ 92]CompilerResultsLog: Creating makefile for ToonTanksEditor (no existing makefile)
[2020.07.19-19.38.56:691][ 92]CompilerResultsLog: Parsing headers for ToonTanksEditor
[2020.07.19-19.38.56:691][ 92]CompilerResultsLog:   Running UnrealHeaderTool "D:\Programy\Unreal Engine\Toon_Tanks_Game\Toon_Tanks\ToonTanks\ToonTanks.uproject" "D:\Programy\Unreal Engine\Toon_Tanks_Game\Toon_Tanks\ToonTanks\Intermediate\Build\Win64\ToonTanksEditor\Development\ToonTanksEditor.uhtmanifest" -LogCmds="loginit warning, logexit warning, logdatabase error" -Unattended -WarningsAsErrors -abslog="C:\Users\miszc\AppData\Local\UnrealBuildTool\Log_UHT.txt" -installed
[2020.07.19-19.38.56:691][ 92]CompilerResultsLog: Reflection code generated for ToonTanksEditor in 11,0119512 seconds
[2020.07.19-19.38.56:691][ 92]CompilerResultsLog: Building ToonTanksEditor...
[2020.07.19-19.38.56:691][ 92]CompilerResultsLog: Using Visual Studio 2019 14.26.28806 toolchain (C:\Program Files (x86)\Microsoft Visual Studio\2019\Community\VC\Tools\MSVC\14.26.28801) and Windows 10.0.18362.0 SDK (C:\Program Files (x86)\Windows Kits\10).
[2020.07.19-19.38.56:691][ 92]CompilerResultsLog: Building 5 actions with 8 processes...
[2020.07.19-19.38.56:691][ 92]CompilerResultsLog:   [1/5] PawnTank.cpp
[2020.07.19-19.38.56:691][ 92]CompilerResultsLog:   D:\Programy\Unreal Engine\Toon_Tanks_Game\Toon_Tanks\ToonTanks\Source\ToonTanks\Pawns\PawnTank.h(6): fatal error C1083: Nie mo?na otworzy? pliku do??cz: 'PawnBaseeeeee.h': No such file or directory
[2020.07.19-19.38.56:691][ 92]CompilerResultsLog:   [2/5] PawnTank.gen.cpp
[2020.07.19-19.38.56:691][ 92]CompilerResultsLog:   D:\Programy\Unreal Engine\Toon_Tanks_Game\Toon_Tanks\ToonTanks\Source\ToonTanks/Pawns/PawnTank.h(6): fatal error C1083: Nie mo?na otworzy? pliku do??cz: 'PawnBaseeeeee.h': No such file or directory
[2020.07.19-19.38.56:691][ 92]LogMainFrame: MainFrame: Module compiling took 23.853 seconds
[2020.07.19-19.38.56:693][ 92]Warning: HotReload failed, recompile failed
[2020.07.19-19.39.02:079][407]LogSlate: Took 0.008420 seconds to synchronously load lazily loaded font '../../../Engine/Content/Slate/Fonts/DroidSansMono.ttf' (77K)
[2020.07.19-19.39.08:859][798]LogSlate: Window 'Message Log' being destroyed
[2020.07.19-19.39.08:873][798]LogSlate: Window 'Message Log' being destroyed
[2020.07.19-19.39.28:857][960]Candidate modules for hot reload:
[2020.07.19-19.39.28:857][960]  ToonTanks
[2020.07.19-19.39.28:858][960]Launching UnrealBuildTool... [D:/Programy/Unreal Engine/UE_4.25/Engine/Binaries/DotNET/UnrealBuildTool.exe  -ModuleWithSuffix=ToonTanks,9877 ToonTanksEditor Win64 Development -Project="D:/Programy/Unreal Engine/Toon_Tanks_Game/Toon_Tanks/ToonTanks/ToonTanks.uproject" "D:/Programy/Unreal Engine/Toon_Tanks_Game/Toon_Tanks/ToonTanks/ToonTanks.uproject"  -IgnoreJunk]
[2020.07.19-19.39.28:869][960]Warning: Starting HotReload took  0.0s.
[2020.07.19-19.39.53:953][183]CompilerResultsLog: New page: Compilation - 19 lip 2020, 23:39:53
[2020.07.19-19.39.53:955][183]CompilerResultsLog: Using 'git status' to determine working set for adaptive non-unity build (D:\Programy\Unreal Engine\Toon_Tanks_Game\Toon_Tanks).
[2020.07.19-19.39.53:955][183]CompilerResultsLog: Parsing headers for ToonTanksEditor
[2020.07.19-19.39.53:955][183]CompilerResultsLog:   Running UnrealHeaderTool "D:\Programy\Unreal Engine\Toon_Tanks_Game\Toon_Tanks\ToonTanks\ToonTanks.uproject" "D:\Programy\Unreal Engine\Toon_Tanks_Game\Toon_Tanks\ToonTanks\Intermediate\Build\Win64\ToonTanksEditor\Development\ToonTanksEditor.uhtmanifest" -LogCmds="loginit warning, logexit warning, logdatabase error" -Unattended -WarningsAsErrors -abslog="C:\Users\miszc\AppData\Local\UnrealBuildTool\Log_UHT.txt" -installed
[2020.07.19-19.39.53:955][183]CompilerResultsLog: Reflection code generated for ToonTanksEditor in 8,0284498 seconds
[2020.07.19-19.39.53:955][183]CompilerResultsLog: Building ToonTanksEditor...
[2020.07.19-19.39.53:955][183]CompilerResultsLog: Using Visual Studio 2019 14.26.28806 toolchain (C:\Program Files (x86)\Microsoft Visual Studio\2019\Community\VC\Tools\MSVC\14.26.28801) and Windows 10.0.18362.0 SDK (C:\Program Files (x86)\Windows Kits\10).
[2020.07.19-19.39.53:955][183]CompilerResultsLog: Building 5 actions with 8 processes...
[2020.07.19-19.39.53:956][183]CompilerResultsLog:   [1/5] PawnTank.cpp
[2020.07.19-19.39.53:956][183]CompilerResultsLog:   [2/5] PawnTank.gen.cpp
[2020.07.19-19.39.53:956][183]CompilerResultsLog:   [3/5] UE4Editor-ToonTanks-9877.lib
[2020.07.19-19.39.53:956][183]CompilerResultsLog:      Trwa tworzenie biblioteki D:\Programy\Unreal Engine\Toon_Tanks_Game\Toon_Tanks\ToonTanks\Intermediate\Build\Win64\UE4Editor\Development\ToonTanks\UE4Editor-ToonTanks-9877.lib i obiektu D:\Programy\Unreal Engine\Toon_Tanks_Game\Toon_Tanks\ToonTanks\Intermediate\Build\Win64\UE4Editor\Development\ToonTanks\UE4Editor-ToonTanks-9877.exp
[2020.07.19-19.39.53:956][183]CompilerResultsLog:   [4/5] UE4Editor-ToonTanks-9877.dll
[2020.07.19-19.39.53:956][183]CompilerResultsLog:      Trwa tworzenie biblioteki D:\Programy\Unreal Engine\Toon_Tanks_Game\Toon_Tanks\ToonTanks\Intermediate\Build\Win64\UE4Editor\Development\ToonTanks\UE4Editor-ToonTanks-9877.suppressed.lib i obiektu D:\Programy\Unreal Engine\Toon_Tanks_Game\Toon_Tanks\ToonTanks\Intermediate\Build\Win64\UE4Editor\Development\ToonTanks\UE4Editor-ToonTanks-9877.suppressed.exp
[2020.07.19-19.39.53:956][183]CompilerResultsLog:   [5/5] ToonTanksEditor.target
[2020.07.19-19.39.53:956][183]CompilerResultsLog: Total time in Parallel executor: 14,98 seconds
[2020.07.19-19.39.53:956][183]CompilerResultsLog: Total execution time: 24,70 seconds
[2020.07.19-19.39.53:957][183]LogMainFrame: MainFrame: Module compiling took 25.116 seconds
[2020.07.19-19.39.55:754][183]LogContentBrowser: Native class hierarchy updated for 'ToonTanks' in 0.0025 seconds. Added 2 classes and 3 folders.
[2020.07.19-19.39.55:756][183]Display: HotReload successful (0 functions remapped  0 scriptstructs remapped)
[2020.07.19-19.39.55:858][183]LogContentBrowser: Native class hierarchy populated in 0.0113 seconds. Added 3429 classes and 824 folders.
[2020.07.19-19.39.55:860][183]Display: HotReload took 27.0s.
[2020.07.19-19.40.01:678][353]LogAssetEditorSubsystem: Opening Asset editor for Blueprint /Game/Blueprints/Pawns/BP_PawnTank.BP_PawnTank
[2020.07.19-19.40.02:293][353]LogContentBrowser: Native class hierarchy updated for 'BlueprintGraph' in 0.0012 seconds. Added 125 classes and 0 folders.
[2020.07.19-19.40.22:700][515]LogSlate: Window 'BP_PawnTank' being destroyed
[2020.07.19-19.40.22:742][515]LogWorld: UWorld::CleanupWorld for World_0, bSessionEnded=true, bCleanupResources=true
[2020.07.19-19.40.22:742][515]LogSlate: InvalidateAllWidgets triggered.  All widgets were invalidated
[2020.07.19-19.40.22:872][515]LogAssetEditorSubsystem: Opening Asset editor for Blueprint /Game/Blueprints/Pawns/BP_PawnTank.BP_PawnTank
[2020.07.19-19.40.23:561][515]LogSlate: Took 0.006276 seconds to synchronously load lazily loaded font '../../../Engine/Content/Slate/Fonts/Roboto-BoldCondensed.ttf' (158K)
[2020.07.19-19.40.29:179][631]LogSlate: Took 0.001738 seconds to synchronously load lazily loaded font '../../../Engine/Content/Slate/Fonts/Roboto-Italic.ttf' (157K)
[2020.07.19-19.40.44:562][906]LogBlueprint: Warning: Reparenting blueprint Blueprint /Game/Blueprints/Pawns/BP_PawnTank.BP_PawnTank from PawnBase to PawnTank...
[2020.07.19-19.40.44:578][906]BlueprintLog: New page: Compile BP_PawnTank
[2020.07.19-19.40.44:639][906]LogUObjectHash: Compacting FUObjectHashTables data took   2.37ms
[2020.07.19-19.41.10:381][ 35]LogUObjectHash: Compacting FUObjectHashTables data took   2.74ms
[2020.07.19-19.41.10:383][ 35]LogFileHelpers: Editor autosave (incl. sublevels) for '/Game/Maps/Main' took 0.028
[2020.07.19-19.41.10:386][ 35]OBJ SavePackage: Generating thumbnails for [1] asset(s) in package [/Game/Blueprints/Pawns/BP_PawnTank] ([1] browsable assets)...
[2020.07.19-19.41.10:431][ 35]OBJ SavePackage:     Rendered thumbnail for [Blueprint /Game/Blueprints/Pawns/BP_PawnTank.BP_PawnTank]
[2020.07.19-19.41.10:431][ 35]OBJ SavePackage: Finished generating thumbnails for package [/Game/Blueprints/Pawns/BP_PawnTank]
[2020.07.19-19.41.10:474][ 35]LogSavePackage: Moving '../../../../Toon_Tanks_Game/Toon_Tanks/ToonTanks/Saved/BP_PawnTank_Auto1342D8C4B4D9F40C0C76AD79074CF03ED.tmp' to '../../../../Toon_Tanks_Game/Toon_Tanks/ToonTanks/Saved/Autosaves/Game/Blueprints/Pawns/BP_PawnTank_Auto1.uasset'
[2020.07.19-19.41.10:480][ 35]LogFileHelpers: Auto-saving content packages took 0.096
[2020.07.19-19.41.14:739][194]Cmd: OBJ SAVEPACKAGE PACKAGE="/Game/Blueprints/Pawns/BP_PawnTank" FILE="../../../../Toon_Tanks_Game/Toon_Tanks/ToonTanks/Content/Blueprints/Pawns/BP_PawnTank.uasset" SILENT=true
[2020.07.19-19.41.14:752][194]LogSavePackage: Moving '../../../../Toon_Tanks_Game/Toon_Tanks/ToonTanks/Saved/BP_PawnTank88FCF04C47D31962B452E88E47325299.tmp' to '../../../../Toon_Tanks_Game/Toon_Tanks/ToonTanks/Content/Blueprints/Pawns/BP_PawnTank.uasset'
[2020.07.19-19.41.14:782][194]AssetCheck: New page: Asset Save: BP_PawnTank
[2020.07.19-19.41.14:782][194]LogContentValidation: Display: Validating Blueprint /Game/Blueprints/Pawns/BP_PawnTank.BP_PawnTank
[2020.07.19-19.41.16:402][260]LogSlate: Window 'BP_PawnTank' being destroyed
[2020.07.19-19.41.16:428][260]LogWorld: UWorld::CleanupWorld for World_4, bSessionEnded=true, bCleanupResources=true
[2020.07.19-19.41.16:428][260]LogSlate: InvalidateAllWidgets triggered.  All widgets were invalidated
[2020.07.19-19.41.23:361][622]LogEditorViewport: Clicking on Actor (LMB): StaticMeshActor (Floor)
[2020.07.19-19.41.40:442][771]LogEditorViewport: Clicking on Actor (LMB): BP_PawnTank_C (BP_PawnTank)
[2020.07.19-19.42.01:281][399]LogTemp: Repeating last play command: Selected Viewport
[2020.07.19-19.42.01:313][399]LogPlayLevel: PlayLevel: No blueprints needed recompiling
[2020.07.19-19.42.01:314][399]PIE: New page: PIE session: Main (19 lip 2020, 23:42:01)
[2020.07.19-19.42.01:322][399]LogOnline: OSS: Creating online subsystem instance for: NULL
[2020.07.19-19.42.01:326][399]LogOnline: OSS: TryLoadSubsystemAndSetDefault: Loaded subsystem for module [NULL]
[2020.07.19-19.42.01:328][399]LogPlayLevel: Creating play world package: /Game/Maps/UEDPIE_0_Main
[2020.07.19-19.42.01:336][399]LogPlayLevel: PIE: StaticDuplicateObject took: (0.007897s)
[2020.07.19-19.42.01:339][399]LogAIModule: Creating AISystem for world Main
[2020.07.19-19.42.01:340][399]LogAISub: UAISubsystem::UAISubsystem EnvQueryManager (00000112DC8B7E00), frame # 8399
[2020.07.19-19.42.01:340][399]LogAISub: UAISubsystem::UAISubsystem AIPerceptionSystem (00000112DAA07240), frame # 8399
[2020.07.19-19.42.01:341][399]LogPlayLevel: PIE: World Init took: (0.004997s)
[2020.07.19-19.42.01:342][399]LogPlayLevel: PIE: Created PIE world by copying editor world from /Game/Maps/Main.Main to /Game/Maps/UEDPIE_0_Main.Main (0.013086s)
[2020.07.19-19.42.01:366][399]LogUObjectHash: Compacting FUObjectHashTables data took   1.88ms
[2020.07.19-19.42.01:373][399]LogAudioMixer: Display: Audio Mixer Platform Settings:
[2020.07.19-19.42.01:373][399]LogAudioMixer: Display: 	Sample Rate:						  48000
[2020.07.19-19.42.01:373][399]LogAudioMixer: Display: 	Callback Buffer Frame Size Requested: 1024
[2020.07.19-19.42.01:373][399]LogAudioMixer: Display: 	Callback Buffer Frame Size To Use:	  1024
[2020.07.19-19.42.01:373][399]LogAudioMixer: Display: 	Number of buffers to queue:			  2
[2020.07.19-19.42.01:373][399]LogAudioMixer: Display: 	Max Channels (voices):				  32
[2020.07.19-19.42.01:373][399]LogAudioMixer: Display: 	Number of Async Source Workers:		  0
[2020.07.19-19.42.01:373][399]LogAudio: Display: AudioDevice MaxSources: 32
[2020.07.19-19.42.01:374][399]LogAudio: Display: Using built-in audio occlusion.
[2020.07.19-19.42.01:375][399]LogAudioMixer: Display: Initializing audio mixer.
[2020.07.19-19.42.01:381][399]LogAudioMixer: Display: 0: FrontLeft
[2020.07.19-19.42.01:381][399]LogAudioMixer: Display: 1: FrontRight
[2020.07.19-19.42.01:481][399]LogAudioMixer: Display: Using Audio Device Głośniki (Conexant SmartAudio HD)
[2020.07.19-19.42.01:481][399]LogAudioMixer: Display: Initializing Sound Submixes...
[2020.07.19-19.42.01:482][399]LogAudioMixer: Display: Creating Master Submix 'MasterSubmixDefault'
[2020.07.19-19.42.01:482][399]LogAudioMixer: Display: Creating Master Submix 'MasterReverbSubmixDefault'
[2020.07.19-19.42.01:483][399]LogAudioMixer: Display: Creating Master Submix 'MasterEQSubmixDefault'
[2020.07.19-19.42.01:500][399]LogInit: FAudioDevice initialized.
[2020.07.19-19.42.01:515][399]LogLoad: Game class is 'GameModeBase'
[2020.07.19-19.42.01:531][399]LogWorld: Bringing World /Game/Maps/UEDPIE_0_Main.Main up for play (max tick rate 60) at 2020.07.19-21.42.01
[2020.07.19-19.42.01:535][399]LogWorld: Bringing up level for play took: 0.006063
[2020.07.19-19.42.01:537][399]LogOnline: OSS: Creating online subsystem instance for: :Context_6
[2020.07.19-19.42.01:554][399]LogContentBrowser: Native class hierarchy updated for 'MovieSceneCapture' in 0.0006 seconds. Added 20 classes and 0 folders.
[2020.07.19-19.42.01:566][399]PIE: Server logged in
[2020.07.19-19.42.01:568][399]PIE: Play in editor total start time 0,27 seconds.
[2020.07.19-19.42.07:654][695]LogSlate: Updating window title bar state: overlay mode, drag disabled, window buttons hidden, title bar hidden
[2020.07.19-19.42.07:655][695]LogWorld: BeginTearingDown for /Game/Maps/UEDPIE_0_Main
[2020.07.19-19.42.07:655][695]LogWorld: UWorld::CleanupWorld for Main, bSessionEnded=true, bCleanupResources=true
[2020.07.19-19.42.07:656][695]LogSlate: InvalidateAllWidgets triggered.  All widgets were invalidated
[2020.07.19-19.42.07:668][695]LogPlayLevel: Display: Shutting down PIE online subsystems
[2020.07.19-19.42.07:677][695]LogSlate: InvalidateAllWidgets triggered.  All widgets were invalidated
[2020.07.19-19.42.07:737][695]LogSlate: Updating window title bar state: overlay mode, drag disabled, window buttons hidden, title bar hidden
[2020.07.19-19.42.07:757][695]LogAISub: UAISubsystem::~UAISubsystem AIPerceptionSystem (00000112DAA07240), frame # 8695
[2020.07.19-19.42.07:757][695]LogAISub: UAISubsystem::~UAISubsystem EnvQueryManager (00000112DC8B7E00), frame # 8695
[2020.07.19-19.42.07:802][695]LogUObjectHash: Compacting FUObjectHashTables data took   4.80ms
[2020.07.19-19.42.07:843][696]LogPlayLevel: Display: Destroying online subsystem :Context_6
[2020.07.19-19.51.17:147][386]LogUObjectHash: Compacting FUObjectHashTables data took   5.36ms
[2020.07.19-19.51.17:152][386]Cmd: OBJ SAVEPACKAGE PACKAGE="/Game/Maps/Main" FILE="../../../../Toon_Tanks_Game/Toon_Tanks/ToonTanks/Saved/Autosaves/Game/Maps/Main_Auto2.umap" SILENT=true AUTOSAVING=true KEEPDIRTY=false
[2020.07.19-19.51.17:189][386]LogSavePackage: Moving '../../../../Toon_Tanks_Game/Toon_Tanks/ToonTanks/Saved/Main_Auto2E1EC9FE04061D0765576D086A0265227.tmp' to '../../../../Toon_Tanks_Game/Toon_Tanks/ToonTanks/Saved/Autosaves/Game/Maps/Main_Auto2.umap'
[2020.07.19-19.51.17:191][386]LogFileHelpers: Editor autosave (incl. sublevels) for '/Game/Maps/Main' took 0.116
[2020.07.19-19.51.17:192][386]LogFileHelpers: Editor autosave (incl. sublevels) for all levels took 0.116
[2020.07.19-20.29.19:638][229]LogHttp: Warning: 000001131F612B00: invalid HTTP response code received. URL: https://datarouter.ol.epicgames.com/datarouter/api/v1/public/data?SessionID=%7B76A1EE81-4E05-0457-B6B6-35B66DB96416%7D&AppID=UEEditor.Rocket.Release&AppVersion=4.25.1-13594126%2B%2B%2BUE4%2BRelease-4.25&UserID=c7647f5e4723f795d1a91f837b08aad2%7C7117d0b82afb4e4d8013890d53dcc394%7Ca6b786c6-9d5f-47b7-83cd-c153661d4aaa&AppEnvironment=datacollector-source&UploadType=eteventstream, HTTP code: 0, content length: 0, actual payload size: 0
[2020.07.19-20.29.19:638][229]LogHttp: Warning: 000001131F612B00: request failed, libcurl error: 7 (Couldn't connect to server)
[2020.07.19-20.29.19:638][229]LogHttp: Warning: 000001131F612B00: libcurl info message cache 0 (Connection 11 seems to be dead!)
[2020.07.19-20.29.19:638][229]LogHttp: Warning: 000001131F612B00: libcurl info message cache 1 (Closing connection 11)
[2020.07.19-20.29.19:638][229]LogHttp: Warning: 000001131F612B00: libcurl info message cache 2 (TLSv1.2 (OUT), TLS alert, Client hello (1):)
[2020.07.19-20.29.19:638][229]LogHttp: Warning: 000001131F612B00: libcurl info message cache 3 (  Trying 52.2.38.227...)
[2020.07.19-20.29.19:638][229]LogHttp: Warning: 000001131F612B00: libcurl info message cache 4 (TCP_NODELAY set)
[2020.07.19-20.29.19:638][229]LogHttp: Warning: 000001131F612B00: libcurl info message cache 5 (connect to 52.2.38.227 port 443 failed: Timed out)
[2020.07.19-20.29.19:638][229]LogHttp: Warning: 000001131F612B00: libcurl info message cache 6 (  Trying 34.224.234.200...)
[2020.07.19-20.29.19:638][229]LogHttp: Warning: 000001131F612B00: libcurl info message cache 7 (TCP_NODELAY set)
[2020.07.19-20.29.19:638][229]LogHttp: Warning: 000001131F612B00: libcurl info message cache 8 (connect to 34.224.234.200 port 443 failed: Host unreachable)
[2020.07.19-20.29.19:638][229]LogHttp: Warning: 000001131F612B00: libcurl info message cache 9 (  Trying 3.226.93.173...)
[2020.07.19-20.29.19:638][229]LogHttp: Warning: 000001131F612B00: libcurl info message cache 10 (TCP_NODELAY set)
[2020.07.19-20.29.19:638][229]LogHttp: Warning: 000001131F612B00: libcurl info message cache 11 (connect to 3.226.93.173 port 443 failed: Host unreachable)
[2020.07.19-20.29.19:638][229]LogHttp: Warning: 000001131F612B00: libcurl info message cache 12 (  Trying 54.164.85.111...)
[2020.07.19-20.29.19:639][229]LogHttp: Warning: 000001131F612B00: libcurl info message cache 13 (TCP_NODELAY set)
[2020.07.19-20.29.19:639][229]LogHttp: Warning: 000001131F612B00: libcurl info message cache 14 (connect to 54.164.85.111 port 443 failed: Host unreachable)
[2020.07.19-20.29.19:639][229]LogHttp: Warning: 000001131F612B00: libcurl info message cache 15 (  Trying 52.6.104.84...)
[2020.07.19-20.29.19:639][229]LogHttp: Warning: 000001131F612B00: libcurl info message cache 16 (TCP_NODELAY set)
[2020.07.19-20.29.19:639][229]LogHttp: Warning: 000001131F612B00: libcurl info message cache 17 (connect to 52.6.104.84 port 443 failed: Host unreachable)
[2020.07.19-20.29.19:639][229]LogHttp: Warning: 000001131F612B00: libcurl info message cache 18 (  Trying 52.86.38.188...)
[2020.07.19-20.29.19:639][229]LogHttp: Warning: 000001131F612B00: libcurl info message cache 19 (TCP_NODELAY set)
[2020.07.19-20.29.19:639][229]LogHttp: Warning: 000001131F612B00: libcurl info message cache 20 (connect to 52.86.38.188 port 443 failed: Host unreachable)
[2020.07.19-20.29.19:639][229]LogHttp: Warning: 000001131F612B00: libcurl info message cache 21 (  Trying 54.89.43.5...)
[2020.07.19-20.29.19:639][229]LogHttp: Warning: 000001131F612B00: libcurl info message cache 22 (TCP_NODELAY set)
[2020.07.19-20.29.19:639][229]LogHttp: Warning: 000001131F612B00: libcurl info message cache 23 (connect to 54.89.43.5 port 443 failed: Host unreachable)
[2020.07.19-20.29.19:639][229]LogHttp: Warning: 000001131F612B00: libcurl info message cache 24 (  Trying 52.5.203.137...)
[2020.07.19-20.29.19:639][229]LogHttp: Warning: 000001131F612B00: libcurl info message cache 25 (TCP_NODELAY set)
[2020.07.19-20.29.19:639][229]LogHttp: Warning: 000001131F612B00: libcurl info message cache 26 (connect to 52.5.203.137 port 443 failed: Host unreachable)
[2020.07.19-20.29.19:639][229]LogHttp: Warning: 000001131F612B00: libcurl info message cache 27 (Failed to connect to datarouter.ol.epicgames.com port 443: Host unreachable)
[2020.07.19-20.29.19:639][229]LogHttp: Warning: 000001131F612B00: libcurl info message cache 28 (Closing connection 12)
[2020.07.19-20.29.19:972][230]LogHttp: Warning: Retry exhausted on https://datarouter.ol.epicgames.com/datarouter/api/v1/public/data?SessionID=%7B76A1EE81-4E05-0457-B6B6-35B66DB96416%7D&AppID=UEEditor.Rocket.Release&AppVersion=4.25.1-13594126%2B%2B%2BUE4%2BRelease-4.25&UserID=c7647f5e4723f795d1a91f837b08aad2%7C7117d0b82afb4e4d8013890d53dcc394%7Ca6b786c6-9d5f-47b7-83cd-c153661d4aaa&AppEnvironment=datacollector-source&UploadType=eteventstream
[2020.07.19-20.31.11:131][561]LogUdpMessaging: Warning: UDP messaging encountered an error. Auto repair routine started for reinitialization
[2020.07.19-20.31.13:057][567]FUdpSocketBuilder: Failed to subscribe UdpMessageMulticastSocket to multicast group 230.0.0.1 on interface 0.0.0.0
[2020.07.19-20.31.13:058][567]FUdpSocketBuilder: Failed to create and initialize socket UdpMessageMulticastSocket (last error: 0)
[2020.07.19-20.31.13:058][567]LogUdpMessaging: Warning: StartTransport failed to create multicast socket on 0.0.0.0:0, joined to 230.0.0.1:6666 with TTL 1
[2020.07.19-20.31.13:147][567]LogUdpMessaging: Warning: UDP messaging encountered an error. Auto repair routine started for reinitialization
[2020.07.19-20.41.08:051][343]LogTemp: Resetting audio stream to device id 
[2020.07.19-20.41.08:088][343]LogAudioMixer: Display: 0: FrontLeft
[2020.07.19-20.41.08:088][343]LogAudioMixer: Display: 1: FrontRight
[2020.07.20-08.07.54:011][349]LogUdpMessaging: Warning: UDP messaging encountered an error. Auto repair routine started for reinitialization
[2020.07.20-08.07.54:043][349]LogTemp: Resetting audio stream to device id 
[2020.07.20-08.07.54:249][349]LogAudioMixer: Display: 0: FrontLeft
[2020.07.20-08.07.54:250][349]LogAudioMixer: Display: 1: FrontRight
[2020.07.20-08.07.55:192][350]FUdpSocketBuilder: Failed to subscribe UdpMessageMulticastSocket to multicast group 230.0.0.1 on interface 0.0.0.0
[2020.07.20-08.07.55:192][350]FUdpSocketBuilder: Failed to create and initialize socket UdpMessageMulticastSocket (last error: 0)
[2020.07.20-08.07.55:192][350]LogUdpMessaging: Warning: StartTransport failed to create multicast socket on 0.0.0.0:0, joined to 230.0.0.1:6666 with TTL 1
[2020.07.20-08.07.55:216][350]LogUdpMessaging: Warning: UDP messaging encountered an error. Auto repair routine started for reinitialization
[2020.07.20-08.07.55:220][350]LogTemp: Resetting audio stream to device id 
[2020.07.20-08.07.55:269][350]LogAudioMixer: Display: 0: FrontLeft
[2020.07.20-08.07.55:269][350]LogAudioMixer: Display: 1: FrontRight
[2020.07.20-08.07.55:427][351]LogHttp: Warning: 000001131F7F5D00: invalid HTTP response code received. URL: https://datarouter.ol.epicgames.com/datarouter/api/v1/public/data?SessionID=%7B76A1EE81-4E05-0457-B6B6-35B66DB96416%7D&AppID=UEEditor.Rocket.Release&AppVersion=4.25.1-13594126%2B%2B%2BUE4%2BRelease-4.25&UserID=c7647f5e4723f795d1a91f837b08aad2%7C7117d0b82afb4e4d8013890d53dcc394%7Ca6b786c6-9d5f-47b7-83cd-c153661d4aaa&AppEnvironment=datacollector-source&UploadType=eteventstream, HTTP code: 0, content length: 0, actual payload size: 0
[2020.07.20-08.07.55:427][351]LogHttp: Warning: 000001131F7F5D00: request failed, libcurl error: 6 (Couldn't resolve host name)
[2020.07.20-08.07.55:427][351]LogHttp: Warning: 000001131F7F5D00: libcurl info message cache 0 (Connection 17 seems to be dead!)
[2020.07.20-08.07.55:427][351]LogHttp: Warning: 000001131F7F5D00: libcurl info message cache 1 (Closing connection 17)
[2020.07.20-08.07.55:427][351]LogHttp: Warning: 000001131F7F5D00: libcurl info message cache 2 (Could not resolve host: datarouter.ol.epicgames.com)
[2020.07.20-08.07.55:427][351]LogHttp: Warning: 000001131F7F5D00: libcurl info message cache 3 (Closing connection 18)
[2020.07.20-08.07.55:554][352]LogHttp: Warning: Retry exhausted on https://datarouter.ol.epicgames.com/datarouter/api/v1/public/data?SessionID=%7B76A1EE81-4E05-0457-B6B6-35B66DB96416%7D&AppID=UEEditor.Rocket.Release&AppVersion=4.25.1-13594126%2B%2B%2BUE4%2BRelease-4.25&UserID=c7647f5e4723f795d1a91f837b08aad2%7C7117d0b82afb4e4d8013890d53dcc394%7Ca6b786c6-9d5f-47b7-83cd-c153661d4aaa&AppEnvironment=datacollector-source&UploadType=eteventstream
